[0.008s] Invoking command in '/home/mosrorr/ros2_ws/build/my_robot_bringup': CMAKE_PREFIX_PATH=/home/mosrorr/ros2_ws/install/my_robot_description:/home/mosrorr/ros2_ws/install/my_robot_bringup:/opt/ros/humble /usr/bin/cmake --build /home/mosrorr/ros2_ws/build/my_robot_bringup -- -j8 -l8
[0.048s] Invoked command in '/home/mosrorr/ros2_ws/build/my_robot_bringup' returned '0': CMAKE_PREFIX_PATH=/home/mosrorr/ros2_ws/install/my_robot_description:/home/mosrorr/ros2_ws/install/my_robot_bringup:/opt/ros/humble /usr/bin/cmake --build /home/mosrorr/ros2_ws/build/my_robot_bringup -- -j8 -l8
[0.050s] Invoking command in '/home/mosrorr/ros2_ws/build/my_robot_bringup': CMAKE_PREFIX_PATH=/home/mosrorr/ros2_ws/install/my_robot_description:/home/mosrorr/ros2_ws/install/my_robot_bringup:/opt/ros/humble /usr/bin/cmake --install /home/mosrorr/ros2_ws/build/my_robot_bringup
[0.057s] -- Install configuration: ""
[0.057s] -- Execute custom install script
[0.058s] -- Up-to-date symlink: /home/mosrorr/ros2_ws/install/my_robot_bringup/lib/my_robot_bringup/esp32_bridge_node.py
[0.058s] -- Up-to-date symlink: /home/mosrorr/ros2_ws/install/my_robot_bringup/lib/my_robot_bringup/keyboard_teleop_node.py
[0.058s] -- Up-to-date symlink: /home/mosrorr/ros2_ws/install/my_robot_bringup/share/my_robot_bringup/launch/past/localization.launch.py
[0.058s] -- Up-to-date symlink: /home/mosrorr/ros2_ws/install/my_robot_bringup/share/my_robot_bringup/launch/past/mapping.launch.py
[0.058s] -- Up-to-date symlink: /home/mosrorr/ros2_ws/install/my_robot_bringup/share/my_robot_bringup/launch/past/master.launch.py
[0.058s] -- Up-to-date symlink: /home/mosrorr/ros2_ws/install/my_robot_bringup/share/my_robot_bringup/launch/robot_bridge.launch.py
[0.059s] -- Up-to-date symlink: /home/mosrorr/ros2_ws/install/my_robot_bringup/share/my_robot_bringup/launch/robot_full.launch.py
[0.059s] -- Up-to-date symlink: /home/mosrorr/ros2_ws/install/my_robot_bringup/share/my_robot_bringup/launch/robot_teleop.launch.py
[0.059s] -- Up-to-date symlink: /home/mosrorr/ros2_ws/install/my_robot_bringup/share/my_robot_bringup/config/ekf.yaml
[0.060s] -- Up-to-date symlink: /home/mosrorr/ros2_ws/install/my_robot_bringup/share/ament_index/resource_index/package_run_dependencies/my_robot_bringup
[0.060s] -- Up-to-date symlink: /home/mosrorr/ros2_ws/install/my_robot_bringup/share/ament_index/resource_index/parent_prefix_path/my_robot_bringup
[0.060s] -- Up-to-date symlink: /home/mosrorr/ros2_ws/install/my_robot_bringup/share/my_robot_bringup/environment/ament_prefix_path.sh
[0.060s] -- Up-to-date symlink: /home/mosrorr/ros2_ws/install/my_robot_bringup/share/my_robot_bringup/environment/ament_prefix_path.dsv
[0.060s] -- Up-to-date symlink: /home/mosrorr/ros2_ws/install/my_robot_bringup/share/my_robot_bringup/environment/path.sh
[0.061s] -- Up-to-date symlink: /home/mosrorr/ros2_ws/install/my_robot_bringup/share/my_robot_bringup/environment/path.dsv
[0.061s] -- Up-to-date symlink: /home/mosrorr/ros2_ws/install/my_robot_bringup/share/my_robot_bringup/local_setup.bash
[0.061s] -- Up-to-date symlink: /home/mosrorr/ros2_ws/install/my_robot_bringup/share/my_robot_bringup/local_setup.sh
[0.061s] -- Up-to-date symlink: /home/mosrorr/ros2_ws/install/my_robot_bringup/share/my_robot_bringup/local_setup.zsh
[0.062s] -- Up-to-date symlink: /home/mosrorr/ros2_ws/install/my_robot_bringup/share/my_robot_bringup/local_setup.dsv
[0.062s] -- Symlinking: /home/mosrorr/ros2_ws/install/my_robot_bringup/share/my_robot_bringup/package.dsv
[0.071s] -- Up-to-date symlink: /home/mosrorr/ros2_ws/install/my_robot_bringup/share/ament_index/resource_index/packages/my_robot_bringup
[0.071s] -- Up-to-date symlink: /home/mosrorr/ros2_ws/install/my_robot_bringup/share/my_robot_bringup/cmake/my_robot_bringupConfig.cmake
[0.071s] -- Up-to-date symlink: /home/mosrorr/ros2_ws/install/my_robot_bringup/share/my_robot_bringup/cmake/my_robot_bringupConfig-version.cmake
[0.071s] -- Up-to-date symlink: /home/mosrorr/ros2_ws/install/my_robot_bringup/share/my_robot_bringup/package.xml
[0.073s] Invoked command in '/home/mosrorr/ros2_ws/build/my_robot_bringup' returned '0': CMAKE_PREFIX_PATH=/home/mosrorr/ros2_ws/install/my_robot_description:/home/mosrorr/ros2_ws/install/my_robot_bringup:/opt/ros/humble /usr/bin/cmake --install /home/mosrorr/ros2_ws/build/my_robot_bringup
