[0.010s] Invoking command in '/home/mosrorr/ros2_ws/build/my_robot_description': CMAKE_PREFIX_PATH=${CMAKE_PREFIX_PATH}:/opt/ros/humble /usr/bin/cmake /home/mosrorr/ros2_ws/src/my_robot_description -DAMENT_CMAKE_SYMLINK_INSTALL=1 -DCMAKE_INSTALL_PREFIX=/home/mosrorr/ros2_ws/install/my_robot_description
[1.147s] -- The C compiler identification is GNU 11.4.0
[1.773s] -- The CXX compiler identification is GNU 11.4.0
[1.786s] -- Detecting C compiler ABI info
[1.971s] -- Detecting C compiler ABI info - done
[1.978s] -- Check for working C compiler: /usr/bin/cc - skipped
[1.979s] -- Detecting C compile features
[2.008s] -- Detecting C compile features - done
[2.015s] -- Detecting CXX compiler ABI info
[2.200s] -- Detecting CXX compiler ABI info - done
[2.208s] -- Check for working CXX compiler: /usr/bin/c++ - skipped
[2.209s] -- Detecting CXX compile features
[2.209s] -- Detecting CXX compile features - done
[2.233s] -- Found ament_cmake: 1.3.12 (/opt/ros/humble/share/ament_cmake/cmake)
[2.392s] -- Found Python3: /usr/bin/python3 (found version "3.10.12") found components: Interpreter 
[2.454s] -- Override CMake install command with custom implementation using symlinks instead of copying resources
[2.490s] -- Found ament_lint_auto: 0.12.14 (/opt/ros/humble/share/ament_lint_auto/cmake)
[2.566s] -- Added test 'flake8' to check Python code syntax and style conventions
[2.567s] -- Added test 'lint_cmake' to check CMake code style
[2.568s] -- Added test 'pep257' to check Python code against some of the docstring style conventions in PEP 257
[2.571s] -- Added test 'xmllint' to check XML markup files
[2.572s] -- Configuring done
[2.575s] -- Generating done
[2.576s] -- Build files have been written to: /home/mosrorr/ros2_ws/build/my_robot_description
[2.581s] Invoked command in '/home/mosrorr/ros2_ws/build/my_robot_description' returned '0': CMAKE_PREFIX_PATH=${CMAKE_PREFIX_PATH}:/opt/ros/humble /usr/bin/cmake /home/mosrorr/ros2_ws/src/my_robot_description -DAMENT_CMAKE_SYMLINK_INSTALL=1 -DCMAKE_INSTALL_PREFIX=/home/mosrorr/ros2_ws/install/my_robot_description
[2.583s] Invoking command in '/home/mosrorr/ros2_ws/build/my_robot_description': CMAKE_PREFIX_PATH=${CMAKE_PREFIX_PATH}:/opt/ros/humble /usr/bin/cmake --build /home/mosrorr/ros2_ws/build/my_robot_description -- -j8 -l8
[2.620s] Invoked command in '/home/mosrorr/ros2_ws/build/my_robot_description' returned '0': CMAKE_PREFIX_PATH=${CMAKE_PREFIX_PATH}:/opt/ros/humble /usr/bin/cmake --build /home/mosrorr/ros2_ws/build/my_robot_description -- -j8 -l8
[2.630s] Invoking command in '/home/mosrorr/ros2_ws/build/my_robot_description': CMAKE_PREFIX_PATH=${CMAKE_PREFIX_PATH}:/opt/ros/humble /usr/bin/cmake --install /home/mosrorr/ros2_ws/build/my_robot_description
[2.639s] -- Install configuration: ""
[2.639s] -- Execute custom install script
[2.639s] -- Symlinking: /home/mosrorr/ros2_ws/install/my_robot_description/share/my_robot_description/urdf/final2.xml
[2.648s] -- Symlinking: /home/mosrorr/ros2_ws/install/my_robot_description/share/my_robot_description/urdf/sensors/imu.urdf.xacro
[2.658s] -- Symlinking: /home/mosrorr/ros2_ws/install/my_robot_description/share/my_robot_description/urdf/sensors/lidar.urdf.xacro
[2.666s] -- Symlinking: /home/mosrorr/ros2_ws/install/my_robot_description/share/my_robot_description/urdf/sensors/rgbd_camera.urdf.xacro
[2.676s] -- Symlinking: /home/mosrorr/ros2_ws/install/my_robot_description/share/my_robot_description/meshes/rosmaster_x3/visual/Arm_base_link.STL
[2.684s] -- Symlinking: /home/mosrorr/ros2_ws/install/my_robot_description/share/my_robot_description/meshes/rosmaster_x3/visual/LB_above_link.STL
[2.693s] -- Symlinking: /home/mosrorr/ros2_ws/install/my_robot_description/share/my_robot_description/meshes/rosmaster_x3/visual/LB_below_link.STL
[2.701s] -- Symlinking: /home/mosrorr/ros2_ws/install/my_robot_description/share/my_robot_description/meshes/rosmaster_x3/visual/LF_above_link.STL
[2.710s] -- Symlinking: /home/mosrorr/ros2_ws/install/my_robot_description/share/my_robot_description/meshes/rosmaster_x3/visual/LF_below_link.STL
[2.718s] -- Symlinking: /home/mosrorr/ros2_ws/install/my_robot_description/share/my_robot_description/meshes/rosmaster_x3/visual/LM_link.STL
[2.727s] -- Symlinking: /home/mosrorr/ros2_ws/install/my_robot_description/share/my_robot_description/meshes/rosmaster_x3/visual/RB_above_link.STL
[2.736s] -- Symlinking: /home/mosrorr/ros2_ws/install/my_robot_description/share/my_robot_description/meshes/rosmaster_x3/visual/RB_below_link.STL
[2.745s] -- Symlinking: /home/mosrorr/ros2_ws/install/my_robot_description/share/my_robot_description/meshes/rosmaster_x3/visual/RF_above_link.STL
[2.754s] -- Symlinking: /home/mosrorr/ros2_ws/install/my_robot_description/share/my_robot_description/meshes/rosmaster_x3/visual/RF_below_link.STL
[2.763s] -- Symlinking: /home/mosrorr/ros2_ws/install/my_robot_description/share/my_robot_description/meshes/rosmaster_x3/visual/RM_link.STL
[2.771s] -- Symlinking: /home/mosrorr/ros2_ws/install/my_robot_description/share/my_robot_description/meshes/rosmaster_x3/visual/base_link.STL
[2.780s] -- Symlinking: /home/mosrorr/ros2_ws/install/my_robot_description/share/my_robot_description/meshes/rosmaster_x3/visual/camera_link.STL
[2.789s] -- Symlinking: /home/mosrorr/ros2_ws/install/my_robot_description/share/my_robot_description/meshes/rosmaster_x3/visual/d435.stl
[2.798s] -- Symlinking: /home/mosrorr/ros2_ws/install/my_robot_description/share/my_robot_description/meshes/rosmaster_x3/visual/j1_arm_link.STL
[2.807s] -- Symlinking: /home/mosrorr/ros2_ws/install/my_robot_description/share/my_robot_description/meshes/rosmaster_x3/visual/j2_arm_link.STL
[2.815s] -- Symlinking: /home/mosrorr/ros2_ws/install/my_robot_description/share/my_robot_description/meshes/rosmaster_x3/visual/j3_arm_link.STL
[2.824s] -- Symlinking: /home/mosrorr/ros2_ws/install/my_robot_description/share/my_robot_description/meshes/rosmaster_x3/visual/j4_arm_link.STL
[2.832s] -- Symlinking: /home/mosrorr/ros2_ws/install/my_robot_description/share/my_robot_description/meshes/rosmaster_x3/visual/j5_arm_link.STL
[2.841s] -- Symlinking: /home/mosrorr/ros2_ws/install/my_robot_description/share/my_robot_description/meshes/rosmaster_x3/visual/j6_arm_link.STL
[2.850s] -- Symlinking: /home/mosrorr/ros2_ws/install/my_robot_description/share/my_robot_description/meshes/rosmaster_x3/visual/rplidar_s2.stl
[2.860s] -- Symlinking: /home/mosrorr/ros2_ws/install/my_robot_description/share/my_robot_description/robot_stl/drive-download-20251212T092612Z-3-001.zip
[2.868s] -- Symlinking: /home/mosrorr/ros2_ws/install/my_robot_description/share/my_robot_description/robot_stl/final2.xml
[2.877s] -- Symlinking: /home/mosrorr/ros2_ws/install/my_robot_description/share/my_robot_description/robot_stl/rosmaster_x3-20251212T092652Z-3-001.zip
[2.886s] -- Symlinking: /home/mosrorr/ros2_ws/install/my_robot_description/share/my_robot_description/launch/view_robot.launch.py
[2.895s] -- Symlinking: /home/mosrorr/ros2_ws/install/my_robot_description/share/ament_index/resource_index/package_run_dependencies/my_robot_description
[2.903s] -- Symlinking: /home/mosrorr/ros2_ws/install/my_robot_description/share/ament_index/resource_index/parent_prefix_path/my_robot_description
[2.912s] -- Symlinking: /home/mosrorr/ros2_ws/install/my_robot_description/share/my_robot_description/environment/ament_prefix_path.sh
[2.921s] -- Symlinking: /home/mosrorr/ros2_ws/install/my_robot_description/share/my_robot_description/environment/ament_prefix_path.dsv
[2.930s] -- Symlinking: /home/mosrorr/ros2_ws/install/my_robot_description/share/my_robot_description/environment/path.sh
[2.939s] -- Symlinking: /home/mosrorr/ros2_ws/install/my_robot_description/share/my_robot_description/environment/path.dsv
[2.948s] -- Symlinking: /home/mosrorr/ros2_ws/install/my_robot_description/share/my_robot_description/local_setup.bash
[2.957s] -- Symlinking: /home/mosrorr/ros2_ws/install/my_robot_description/share/my_robot_description/local_setup.sh
[2.966s] -- Symlinking: /home/mosrorr/ros2_ws/install/my_robot_description/share/my_robot_description/local_setup.zsh
[2.975s] -- Symlinking: /home/mosrorr/ros2_ws/install/my_robot_description/share/my_robot_description/local_setup.dsv
[2.983s] -- Symlinking: /home/mosrorr/ros2_ws/install/my_robot_description/share/my_robot_description/package.dsv
[2.992s] -- Symlinking: /home/mosrorr/ros2_ws/install/my_robot_description/share/ament_index/resource_index/packages/my_robot_description
[3.000s] -- Symlinking: /home/mosrorr/ros2_ws/install/my_robot_description/share/my_robot_description/cmake/my_robot_descriptionConfig.cmake
[3.009s] -- Symlinking: /home/mosrorr/ros2_ws/install/my_robot_description/share/my_robot_description/cmake/my_robot_descriptionConfig-version.cmake
[3.018s] -- Symlinking: /home/mosrorr/ros2_ws/install/my_robot_description/share/my_robot_description/package.xml
[3.028s] Invoked command in '/home/mosrorr/ros2_ws/build/my_robot_description' returned '0': CMAKE_PREFIX_PATH=${CMAKE_PREFIX_PATH}:/opt/ros/humble /usr/bin/cmake --install /home/mosrorr/ros2_ws/build/my_robot_description
