Built target ament_cmake_python_symlink_my_robot_bringup
running egg_info
writing my_robot_bringup.egg-info/PKG-INFO
writing dependency_links to my_robot_bringup.egg-info/dependency_links.txt
writing top-level names to my_robot_bringup.egg-info/top_level.txt
reading manifest file 'my_robot_bringup.egg-info/SOURCES.txt'
writing manifest file 'my_robot_bringup.egg-info/SOURCES.txt'
Built target ament_cmake_python_build_my_robot_bringup_egg
-- Install configuration: ""
-- Execute custom install script
-- Up-to-date symlink: /home/mosrorr/ros2_ws/install/my_robot_bringup/share/my_robot_bringup/environment/pythonpath.sh
-- Up-to-date symlink: /home/mosrorr/ros2_ws/install/my_robot_bringup/share/my_robot_bringup/environment/pythonpath.dsv
-- Up-to-date symlink: /home/mosrorr/ros2_ws/install/my_robot_bringup/local/lib/python3.10/dist-packages/my_robot_bringup-0.0.1-py3.10.egg-info/PKG-INFO
-- Up-to-date symlink: /home/mosrorr/ros2_ws/install/my_robot_bringup/local/lib/python3.10/dist-packages/my_robot_bringup-0.0.1-py3.10.egg-info/SOURCES.txt
-- Up-to-date symlink: /home/mosrorr/ros2_ws/install/my_robot_bringup/local/lib/python3.10/dist-packages/my_robot_bringup-0.0.1-py3.10.egg-info/dependency_links.txt
-- Up-to-date symlink: /home/mosrorr/ros2_ws/install/my_robot_bringup/local/lib/python3.10/dist-packages/my_robot_bringup-0.0.1-py3.10.egg-info/top_level.txt
-- Up-to-date symlink: /home/mosrorr/ros2_ws/install/my_robot_bringup/local/lib/python3.10/dist-packages/my_robot_bringup/__init__.py
-- Up-to-date symlink: /home/mosrorr/ros2_ws/install/my_robot_bringup/local/lib/python3.10/dist-packages/my_robot_bringup/esp32_bridge_node.py
-- Up-to-date symlink: /home/mosrorr/ros2_ws/install/my_robot_bringup/local/lib/python3.10/dist-packages/my_robot_bringup/keyboard_teleop_node.py
-- Up-to-date symlink: /home/mosrorr/ros2_ws/install/my_robot_bringup/lib/my_robot_bringup/esp32_bridge_node.py
-- Up-to-date symlink: /home/mosrorr/ros2_ws/install/my_robot_bringup/lib/my_robot_bringup/keyboard_teleop_node.py
-- Up-to-date symlink: /home/mosrorr/ros2_ws/install/my_robot_bringup/share/ament_index/resource_index/package_run_dependencies/my_robot_bringup
-- Up-to-date symlink: /home/mosrorr/ros2_ws/install/my_robot_bringup/share/ament_index/resource_index/parent_prefix_path/my_robot_bringup
-- Up-to-date symlink: /home/mosrorr/ros2_ws/install/my_robot_bringup/share/my_robot_bringup/environment/ament_prefix_path.sh
-- Up-to-date symlink: /home/mosrorr/ros2_ws/install/my_robot_bringup/share/my_robot_bringup/environment/ament_prefix_path.dsv
-- Up-to-date symlink: /home/mosrorr/ros2_ws/install/my_robot_bringup/share/my_robot_bringup/environment/path.sh
-- Up-to-date symlink: /home/mosrorr/ros2_ws/install/my_robot_bringup/share/my_robot_bringup/environment/path.dsv
-- Up-to-date symlink: /home/mosrorr/ros2_ws/install/my_robot_bringup/share/my_robot_bringup/local_setup.bash
-- Up-to-date symlink: /home/mosrorr/ros2_ws/install/my_robot_bringup/share/my_robot_bringup/local_setup.sh
-- Up-to-date symlink: /home/mosrorr/ros2_ws/install/my_robot_bringup/share/my_robot_bringup/local_setup.zsh
-- Up-to-date symlink: /home/mosrorr/ros2_ws/install/my_robot_bringup/share/my_robot_bringup/local_setup.dsv
-- Symlinking: /home/mosrorr/ros2_ws/install/my_robot_bringup/share/my_robot_bringup/package.dsv
-- Up-to-date symlink: /home/mosrorr/ros2_ws/install/my_robot_bringup/share/ament_index/resource_index/packages/my_robot_bringup
-- Up-to-date symlink: /home/mosrorr/ros2_ws/install/my_robot_bringup/share/my_robot_bringup/cmake/my_robot_bringupConfig.cmake
-- Up-to-date symlink: /home/mosrorr/ros2_ws/install/my_robot_bringup/share/my_robot_bringup/cmake/my_robot_bringupConfig-version.cmake
-- Up-to-date symlink: /home/mosrorr/ros2_ws/install/my_robot_bringup/share/my_robot_bringup/package.xml
Listing '/home/mosrorr/ros2_ws/install/my_robot_bringup/local/lib/python3.10/dist-packages/my_robot_bringup'...
-- Up-to-date: /home/mosrorr/ros2_ws/install/my_robot_bringup/share/my_robot_bringup/launch
-- Up-to-date: /home/mosrorr/ros2_ws/install/my_robot_bringup/share/my_robot_bringup/launch/robot_full.launch.py
-- Up-to-date: /home/mosrorr/ros2_ws/install/my_robot_bringup/share/my_robot_bringup/launch/past
-- Up-to-date: /home/mosrorr/ros2_ws/install/my_robot_bringup/share/my_robot_bringup/launch/past/master.launch.py
-- Up-to-date: /home/mosrorr/ros2_ws/install/my_robot_bringup/share/my_robot_bringup/launch/past/mapping.launch.py
-- Up-to-date: /home/mosrorr/ros2_ws/install/my_robot_bringup/share/my_robot_bringup/launch/past/localization.launch.py
-- Up-to-date: /home/mosrorr/ros2_ws/install/my_robot_bringup/share/my_robot_bringup/launch/robot_bridge.launch.py
-- Up-to-date: /home/mosrorr/ros2_ws/install/my_robot_bringup/share/my_robot_bringup/launch/robot_teleop.launch.py
-- Up-to-date: /home/mosrorr/ros2_ws/install/my_robot_bringup/share/my_robot_bringup/config
-- Up-to-date: /home/mosrorr/ros2_ws/install/my_robot_bringup/share/my_robot_bringup/config/ekf.yaml
