[0.009s] Invoking command in '/home/mosrorr/ros2_ws/build/my_robot_bringup': CMAKE_PREFIX_PATH=${CMAKE_PREFIX_PATH}:/home/mosrorr/ros2_ws/install/my_first_package:/opt/ros/humble /usr/bin/cmake --build /home/mosrorr/ros2_ws/build/my_robot_bringup -- -j8 -l8
[0.066s] Built target ament_cmake_python_symlink_my_robot_bringup
[0.315s] running egg_info
[0.316s] writing my_robot_bringup.egg-info/PKG-INFO
[0.316s] writing dependency_links to my_robot_bringup.egg-info/dependency_links.txt
[0.317s] writing top-level names to my_robot_bringup.egg-info/top_level.txt
[0.319s] reading manifest file 'my_robot_bringup.egg-info/SOURCES.txt'
[0.319s] writing manifest file 'my_robot_bringup.egg-info/SOURCES.txt'
[0.348s] Built target ament_cmake_python_build_my_robot_bringup_egg
[0.360s] Invoked command in '/home/mosrorr/ros2_ws/build/my_robot_bringup' returned '0': CMAKE_PREFIX_PATH=${CMAKE_PREFIX_PATH}:/home/mosrorr/ros2_ws/install/my_first_package:/opt/ros/humble /usr/bin/cmake --build /home/mosrorr/ros2_ws/build/my_robot_bringup -- -j8 -l8
[0.361s] Invoking command in '/home/mosrorr/ros2_ws/build/my_robot_bringup': CMAKE_PREFIX_PATH=${CMAKE_PREFIX_PATH}:/home/mosrorr/ros2_ws/install/my_first_package:/opt/ros/humble /usr/bin/cmake --install /home/mosrorr/ros2_ws/build/my_robot_bringup
[0.368s] -- Install configuration: ""
[0.369s] -- Execute custom install script
[0.369s] -- Up-to-date symlink: /home/mosrorr/ros2_ws/install/my_robot_bringup/share/my_robot_bringup/environment/pythonpath.sh
[0.369s] -- Up-to-date symlink: /home/mosrorr/ros2_ws/install/my_robot_bringup/share/my_robot_bringup/environment/pythonpath.dsv
[0.370s] -- Up-to-date symlink: /home/mosrorr/ros2_ws/install/my_robot_bringup/local/lib/python3.10/dist-packages/my_robot_bringup-0.0.1-py3.10.egg-info/PKG-INFO
[0.370s] -- Up-to-date symlink: /home/mosrorr/ros2_ws/install/my_robot_bringup/local/lib/python3.10/dist-packages/my_robot_bringup-0.0.1-py3.10.egg-info/SOURCES.txt
[0.370s] -- Up-to-date symlink: /home/mosrorr/ros2_ws/install/my_robot_bringup/local/lib/python3.10/dist-packages/my_robot_bringup-0.0.1-py3.10.egg-info/dependency_links.txt
[0.370s] -- Up-to-date symlink: /home/mosrorr/ros2_ws/install/my_robot_bringup/local/lib/python3.10/dist-packages/my_robot_bringup-0.0.1-py3.10.egg-info/top_level.txt
[0.371s] -- Up-to-date symlink: /home/mosrorr/ros2_ws/install/my_robot_bringup/local/lib/python3.10/dist-packages/my_robot_bringup/__init__.py
[0.371s] -- Up-to-date symlink: /home/mosrorr/ros2_ws/install/my_robot_bringup/local/lib/python3.10/dist-packages/my_robot_bringup/esp32_bridge_node.py
[0.371s] -- Up-to-date symlink: /home/mosrorr/ros2_ws/install/my_robot_bringup/local/lib/python3.10/dist-packages/my_robot_bringup/keyboard_teleop_node.py
[0.371s] -- Up-to-date symlink: /home/mosrorr/ros2_ws/install/my_robot_bringup/lib/my_robot_bringup/esp32_bridge_node.py
[0.371s] -- Up-to-date symlink: /home/mosrorr/ros2_ws/install/my_robot_bringup/lib/my_robot_bringup/keyboard_teleop_node.py
[0.371s] -- Up-to-date symlink: /home/mosrorr/ros2_ws/install/my_robot_bringup/share/ament_index/resource_index/package_run_dependencies/my_robot_bringup
[0.372s] -- Up-to-date symlink: /home/mosrorr/ros2_ws/install/my_robot_bringup/share/ament_index/resource_index/parent_prefix_path/my_robot_bringup
[0.372s] -- Up-to-date symlink: /home/mosrorr/ros2_ws/install/my_robot_bringup/share/my_robot_bringup/environment/ament_prefix_path.sh
[0.372s] -- Up-to-date symlink: /home/mosrorr/ros2_ws/install/my_robot_bringup/share/my_robot_bringup/environment/ament_prefix_path.dsv
[0.372s] -- Up-to-date symlink: /home/mosrorr/ros2_ws/install/my_robot_bringup/share/my_robot_bringup/environment/path.sh
[0.372s] -- Up-to-date symlink: /home/mosrorr/ros2_ws/install/my_robot_bringup/share/my_robot_bringup/environment/path.dsv
[0.373s] -- Up-to-date symlink: /home/mosrorr/ros2_ws/install/my_robot_bringup/share/my_robot_bringup/local_setup.bash
[0.373s] -- Up-to-date symlink: /home/mosrorr/ros2_ws/install/my_robot_bringup/share/my_robot_bringup/local_setup.sh
[0.373s] -- Up-to-date symlink: /home/mosrorr/ros2_ws/install/my_robot_bringup/share/my_robot_bringup/local_setup.zsh
[0.373s] -- Up-to-date symlink: /home/mosrorr/ros2_ws/install/my_robot_bringup/share/my_robot_bringup/local_setup.dsv
[0.373s] -- Symlinking: /home/mosrorr/ros2_ws/install/my_robot_bringup/share/my_robot_bringup/package.dsv
[0.382s] -- Up-to-date symlink: /home/mosrorr/ros2_ws/install/my_robot_bringup/share/ament_index/resource_index/packages/my_robot_bringup
[0.382s] -- Up-to-date symlink: /home/mosrorr/ros2_ws/install/my_robot_bringup/share/my_robot_bringup/cmake/my_robot_bringupConfig.cmake
[0.382s] -- Up-to-date symlink: /home/mosrorr/ros2_ws/install/my_robot_bringup/share/my_robot_bringup/cmake/my_robot_bringupConfig-version.cmake
[0.383s] -- Up-to-date symlink: /home/mosrorr/ros2_ws/install/my_robot_bringup/share/my_robot_bringup/package.xml
[0.414s] Listing '/home/mosrorr/ros2_ws/install/my_robot_bringup/local/lib/python3.10/dist-packages/my_robot_bringup'...
[0.419s] -- Up-to-date: /home/mosrorr/ros2_ws/install/my_robot_bringup/share/my_robot_bringup/launch
[0.419s] -- Up-to-date: /home/mosrorr/ros2_ws/install/my_robot_bringup/share/my_robot_bringup/launch/robot_full.launch.py
[0.419s] -- Up-to-date: /home/mosrorr/ros2_ws/install/my_robot_bringup/share/my_robot_bringup/launch/past
[0.419s] -- Up-to-date: /home/mosrorr/ros2_ws/install/my_robot_bringup/share/my_robot_bringup/launch/past/master.launch.py
[0.419s] -- Up-to-date: /home/mosrorr/ros2_ws/install/my_robot_bringup/share/my_robot_bringup/launch/past/mapping.launch.py
[0.419s] -- Up-to-date: /home/mosrorr/ros2_ws/install/my_robot_bringup/share/my_robot_bringup/launch/past/localization.launch.py
[0.420s] -- Up-to-date: /home/mosrorr/ros2_ws/install/my_robot_bringup/share/my_robot_bringup/launch/robot_bridge.launch.py
[0.420s] -- Up-to-date: /home/mosrorr/ros2_ws/install/my_robot_bringup/share/my_robot_bringup/launch/robot_teleop.launch.py
[0.420s] -- Up-to-date: /home/mosrorr/ros2_ws/install/my_robot_bringup/share/my_robot_bringup/config
[0.420s] -- Up-to-date: /home/mosrorr/ros2_ws/install/my_robot_bringup/share/my_robot_bringup/config/ekf.yaml
[0.422s] Invoked command in '/home/mosrorr/ros2_ws/build/my_robot_bringup' returned '0': CMAKE_PREFIX_PATH=${CMAKE_PREFIX_PATH}:/home/mosrorr/ros2_ws/install/my_first_package:/opt/ros/humble /usr/bin/cmake --install /home/mosrorr/ros2_ws/build/my_robot_bringup
