-- The C compiler identification is GNU 11.4.0
-- The CXX compiler identification is GNU 11.4.0
-- Detecting C compiler ABI info
-- Detecting C compiler ABI info - done
-- Check for working C compiler: /usr/bin/cc - skipped
-- Detecting C compile features
-- Detecting C compile features - done
-- Detecting CXX compiler ABI info
-- Detecting CXX compiler ABI info - done
-- Check for working CXX compiler: /usr/bin/c++ - skipped
-- Detecting CXX compile features
-- Detecting CXX compile features - done
-- Found ament_cmake: 1.3.12 (/opt/ros/humble/share/ament_cmake/cmake)
-- Found Python3: /usr/bin/python3 (found version "3.10.12") found components: Interpreter 
-- Override CMake install command with custom implementation using symlinks instead of copying resources
-- Found rclpy: 3.3.19 (/opt/ros/humble/share/rclpy/cmake)
-- Found geometry_msgs: 4.9.0 (/opt/ros/humble/share/geometry_msgs/cmake)
-- Found rosidl_generator_c: 3.1.8 (/opt/ros/humble/share/rosidl_generator_c/cmake)
-- Found rosidl_adapter: 3.1.8 (/opt/ros/humble/share/rosidl_adapter/cmake)
-- Found rosidl_generator_cpp: 3.1.8 (/opt/ros/humble/share/rosidl_generator_cpp/cmake)
-- Using all available rosidl_typesupport_c: rosidl_typesupport_fastrtps_c;rosidl_typesupport_introspection_c
-- Using all available rosidl_typesupport_cpp: rosidl_typesupport_fastrtps_cpp;rosidl_typesupport_introspection_cpp
-- Found nav_msgs: 4.9.0 (/opt/ros/humble/share/nav_msgs/cmake)
-- Found sensor_msgs: 4.9.0 (/opt/ros/humble/share/sensor_msgs/cmake)
-- Found robot_localization: 3.5.4 (/opt/ros/humble/share/robot_localization/cmake)
-- Found ament_lint_auto: 0.12.14 (/opt/ros/humble/share/ament_lint_auto/cmake)
-- Added test 'copyright' to check source files copyright and LICENSE
-- Added test 'cppcheck' to perform static code analysis on C / C++ code
-- Configured cppcheck include dirs: 
-- Configured cppcheck exclude dirs and/or files: 
-- Added test 'cpplint' to check C / C++ code against the Google style
-- Configured cpplint exclude dirs and/or files: 
-- Added test 'flake8' to check Python code syntax and style conventions
-- Added test 'lint_cmake' to check CMake code style
-- Added test 'pep257' to check Python code against some of the docstring style conventions in PEP 257
-- Added test 'uncrustify' to check C / C++ code style
-- Configured uncrustify additional arguments: 
-- Added test 'xmllint' to check XML markup files
-- Configuring done
-- Generating done
-- Build files have been written to: /home/mosrorr/ros2_ws/build/my_robot_bringup
Built target ament_cmake_python_symlink_my_robot_bringup
running egg_info
creating my_robot_bringup.egg-info
writing my_robot_bringup.egg-info/PKG-INFO
writing dependency_links to my_robot_bringup.egg-info/dependency_links.txt
writing top-level names to my_robot_bringup.egg-info/top_level.txt
writing manifest file 'my_robot_bringup.egg-info/SOURCES.txt'
reading manifest file 'my_robot_bringup.egg-info/SOURCES.txt'
writing manifest file 'my_robot_bringup.egg-info/SOURCES.txt'
Built target ament_cmake_python_build_my_robot_bringup_egg
-- Install configuration: ""
-- Execute custom install script
-- Symlinking: /home/mosrorr/ros2_ws/install/my_robot_bringup/share/my_robot_bringup/environment/pythonpath.sh
-- Symlinking: /home/mosrorr/ros2_ws/install/my_robot_bringup/share/my_robot_bringup/environment/pythonpath.dsv
-- Symlinking: /home/mosrorr/ros2_ws/install/my_robot_bringup/local/lib/python3.10/dist-packages/my_robot_bringup-0.0.1-py3.10.egg-info/PKG-INFO
-- Symlinking: /home/mosrorr/ros2_ws/install/my_robot_bringup/local/lib/python3.10/dist-packages/my_robot_bringup-0.0.1-py3.10.egg-info/SOURCES.txt
-- Symlinking: /home/mosrorr/ros2_ws/install/my_robot_bringup/local/lib/python3.10/dist-packages/my_robot_bringup-0.0.1-py3.10.egg-info/dependency_links.txt
-- Symlinking: /home/mosrorr/ros2_ws/install/my_robot_bringup/local/lib/python3.10/dist-packages/my_robot_bringup-0.0.1-py3.10.egg-info/top_level.txt
-- Symlinking: /home/mosrorr/ros2_ws/install/my_robot_bringup/local/lib/python3.10/dist-packages/my_robot_bringup/__init__.py
-- Symlinking: /home/mosrorr/ros2_ws/install/my_robot_bringup/local/lib/python3.10/dist-packages/my_robot_bringup/esp32_bridge_node.py
-- Symlinking: /home/mosrorr/ros2_ws/install/my_robot_bringup/local/lib/python3.10/dist-packages/my_robot_bringup/keyboard_teleop_node.py
-- Symlinking: /home/mosrorr/ros2_ws/install/my_robot_bringup/lib/my_robot_bringup/esp32_bridge_node.py
-- Symlinking: /home/mosrorr/ros2_ws/install/my_robot_bringup/lib/my_robot_bringup/keyboard_teleop_node.py
-- Symlinking: /home/mosrorr/ros2_ws/install/my_robot_bringup/share/ament_index/resource_index/package_run_dependencies/my_robot_bringup
-- Symlinking: /home/mosrorr/ros2_ws/install/my_robot_bringup/share/ament_index/resource_index/parent_prefix_path/my_robot_bringup
-- Symlinking: /home/mosrorr/ros2_ws/install/my_robot_bringup/share/my_robot_bringup/environment/ament_prefix_path.sh
-- Symlinking: /home/mosrorr/ros2_ws/install/my_robot_bringup/share/my_robot_bringup/environment/ament_prefix_path.dsv
-- Symlinking: /home/mosrorr/ros2_ws/install/my_robot_bringup/share/my_robot_bringup/environment/path.sh
-- Symlinking: /home/mosrorr/ros2_ws/install/my_robot_bringup/share/my_robot_bringup/environment/path.dsv
-- Symlinking: /home/mosrorr/ros2_ws/install/my_robot_bringup/share/my_robot_bringup/local_setup.bash
-- Symlinking: /home/mosrorr/ros2_ws/install/my_robot_bringup/share/my_robot_bringup/local_setup.sh
-- Symlinking: /home/mosrorr/ros2_ws/install/my_robot_bringup/share/my_robot_bringup/local_setup.zsh
-- Symlinking: /home/mosrorr/ros2_ws/install/my_robot_bringup/share/my_robot_bringup/local_setup.dsv
-- Symlinking: /home/mosrorr/ros2_ws/install/my_robot_bringup/share/my_robot_bringup/package.dsv
-- Symlinking: /home/mosrorr/ros2_ws/install/my_robot_bringup/share/ament_index/resource_index/packages/my_robot_bringup
-- Symlinking: /home/mosrorr/ros2_ws/install/my_robot_bringup/share/my_robot_bringup/cmake/my_robot_bringupConfig.cmake
-- Symlinking: /home/mosrorr/ros2_ws/install/my_robot_bringup/share/my_robot_bringup/cmake/my_robot_bringupConfig-version.cmake
-- Symlinking: /home/mosrorr/ros2_ws/install/my_robot_bringup/share/my_robot_bringup/package.xml
Listing '/home/mosrorr/ros2_ws/install/my_robot_bringup/local/lib/python3.10/dist-packages/my_robot_bringup'...
Compiling '/home/mosrorr/ros2_ws/install/my_robot_bringup/local/lib/python3.10/dist-packages/my_robot_bringup/__init__.py'...
Compiling '/home/mosrorr/ros2_ws/install/my_robot_bringup/local/lib/python3.10/dist-packages/my_robot_bringup/esp32_bridge_node.py'...
Compiling '/home/mosrorr/ros2_ws/install/my_robot_bringup/local/lib/python3.10/dist-packages/my_robot_bringup/keyboard_teleop_node.py'...
-- Installing: /home/mosrorr/ros2_ws/install/my_robot_bringup/share/my_robot_bringup/launch
-- Installing: /home/mosrorr/ros2_ws/install/my_robot_bringup/share/my_robot_bringup/launch/robot_full.launch.py
-- Installing: /home/mosrorr/ros2_ws/install/my_robot_bringup/share/my_robot_bringup/launch/past
-- Installing: /home/mosrorr/ros2_ws/install/my_robot_bringup/share/my_robot_bringup/launch/past/master.launch.py
-- Installing: /home/mosrorr/ros2_ws/install/my_robot_bringup/share/my_robot_bringup/launch/past/mapping.launch.py
-- Installing: /home/mosrorr/ros2_ws/install/my_robot_bringup/share/my_robot_bringup/launch/past/localization.launch.py
-- Installing: /home/mosrorr/ros2_ws/install/my_robot_bringup/share/my_robot_bringup/launch/robot_bridge.launch.py
-- Installing: /home/mosrorr/ros2_ws/install/my_robot_bringup/share/my_robot_bringup/launch/robot_teleop.launch.py
-- Installing: /home/mosrorr/ros2_ws/install/my_robot_bringup/share/my_robot_bringup/config
-- Installing: /home/mosrorr/ros2_ws/install/my_robot_bringup/share/my_robot_bringup/config/ekf.yaml
