[0.009s] Invoking command in '/home/mosrorr/ros2_ws/build/my_robot_bringup': CMAKE_PREFIX_PATH=${CMAKE_PREFIX_PATH}:/home/mosrorr/ros2_ws/install/my_first_package:/opt/ros/humble /usr/bin/cmake /home/mosrorr/ros2_ws/src/my_robot_bringup -DAMENT_CMAKE_SYMLINK_INSTALL=1 -DCMAKE_INSTALL_PREFIX=/home/mosrorr/ros2_ws/install/my_robot_bringup
[0.062s] -- The C compiler identification is GNU 11.4.0
[0.121s] -- The CXX compiler identification is GNU 11.4.0
[0.129s] -- Detecting C compiler ABI info
[0.198s] -- Detecting C compiler ABI info - done
[0.206s] -- Check for working C compiler: /usr/bin/cc - skipped
[0.206s] -- Detecting C compile features
[0.207s] -- Detecting C compile features - done
[0.210s] -- Detecting CXX compiler ABI info
[0.292s] -- Detecting CXX compiler ABI info - done
[0.300s] -- Check for working CXX compiler: /usr/bin/c++ - skipped
[0.300s] -- Detecting CXX compile features
[0.301s] -- Detecting CXX compile features - done
[0.303s] -- Found ament_cmake: 1.3.12 (/opt/ros/humble/share/ament_cmake/cmake)
[0.448s] -- Found Python3: /usr/bin/python3 (found version "3.10.12") found components: Interpreter 
[0.511s] -- Override CMake install command with custom implementation using symlinks instead of copying resources
[0.535s] -- Found rclpy: 3.3.19 (/opt/ros/humble/share/rclpy/cmake)
[0.536s] -- Found geometry_msgs: 4.9.0 (/opt/ros/humble/share/geometry_msgs/cmake)
[0.571s] -- Found rosidl_generator_c: 3.1.8 (/opt/ros/humble/share/rosidl_generator_c/cmake)
[0.575s] -- Found rosidl_adapter: 3.1.8 (/opt/ros/humble/share/rosidl_adapter/cmake)
[0.584s] -- Found rosidl_generator_cpp: 3.1.8 (/opt/ros/humble/share/rosidl_generator_cpp/cmake)
[0.595s] -- Using all available rosidl_typesupport_c: rosidl_typesupport_fastrtps_c;rosidl_typesupport_introspection_c
[0.610s] -- Using all available rosidl_typesupport_cpp: rosidl_typesupport_fastrtps_cpp;rosidl_typesupport_introspection_cpp
[0.649s] -- Found nav_msgs: 4.9.0 (/opt/ros/humble/share/nav_msgs/cmake)
[0.667s] -- Found sensor_msgs: 4.9.0 (/opt/ros/humble/share/sensor_msgs/cmake)
[0.690s] -- Found robot_localization: 3.5.4 (/opt/ros/humble/share/robot_localization/cmake)
[0.848s] -- Found ament_lint_auto: 0.12.14 (/opt/ros/humble/share/ament_lint_auto/cmake)
[0.933s] -- Added test 'copyright' to check source files copyright and LICENSE
[0.935s] -- Added test 'cppcheck' to perform static code analysis on C / C++ code
[0.935s] -- Configured cppcheck include dirs: 
[0.935s] -- Configured cppcheck exclude dirs and/or files: 
[0.938s] -- Added test 'cpplint' to check C / C++ code against the Google style
[0.938s] -- Configured cpplint exclude dirs and/or files: 
[0.938s] -- Added test 'flake8' to check Python code syntax and style conventions
[0.939s] -- Added test 'lint_cmake' to check CMake code style
[0.940s] -- Added test 'pep257' to check Python code against some of the docstring style conventions in PEP 257
[0.942s] -- Added test 'uncrustify' to check C / C++ code style
[0.942s] -- Configured uncrustify additional arguments: 
[0.943s] -- Added test 'xmllint' to check XML markup files
[0.945s] -- Configuring done
[0.950s] -- Generating done
[0.953s] -- Build files have been written to: /home/mosrorr/ros2_ws/build/my_robot_bringup
[0.960s] Invoked command in '/home/mosrorr/ros2_ws/build/my_robot_bringup' returned '0': CMAKE_PREFIX_PATH=${CMAKE_PREFIX_PATH}:/home/mosrorr/ros2_ws/install/my_first_package:/opt/ros/humble /usr/bin/cmake /home/mosrorr/ros2_ws/src/my_robot_bringup -DAMENT_CMAKE_SYMLINK_INSTALL=1 -DCMAKE_INSTALL_PREFIX=/home/mosrorr/ros2_ws/install/my_robot_bringup
[0.962s] Invoking command in '/home/mosrorr/ros2_ws/build/my_robot_bringup': CMAKE_PREFIX_PATH=${CMAKE_PREFIX_PATH}:/home/mosrorr/ros2_ws/install/my_first_package:/opt/ros/humble /usr/bin/cmake --build /home/mosrorr/ros2_ws/build/my_robot_bringup -- -j8 -l8
[1.017s] Built target ament_cmake_python_symlink_my_robot_bringup
[1.256s] running egg_info
[1.257s] creating my_robot_bringup.egg-info
[1.257s] writing my_robot_bringup.egg-info/PKG-INFO
[1.257s] writing dependency_links to my_robot_bringup.egg-info/dependency_links.txt
[1.257s] writing top-level names to my_robot_bringup.egg-info/top_level.txt
[1.258s] writing manifest file 'my_robot_bringup.egg-info/SOURCES.txt'
[1.260s] reading manifest file 'my_robot_bringup.egg-info/SOURCES.txt'
[1.260s] writing manifest file 'my_robot_bringup.egg-info/SOURCES.txt'
[1.285s] Built target ament_cmake_python_build_my_robot_bringup_egg
[1.296s] Invoked command in '/home/mosrorr/ros2_ws/build/my_robot_bringup' returned '0': CMAKE_PREFIX_PATH=${CMAKE_PREFIX_PATH}:/home/mosrorr/ros2_ws/install/my_first_package:/opt/ros/humble /usr/bin/cmake --build /home/mosrorr/ros2_ws/build/my_robot_bringup -- -j8 -l8
[1.297s] Invoking command in '/home/mosrorr/ros2_ws/build/my_robot_bringup': CMAKE_PREFIX_PATH=${CMAKE_PREFIX_PATH}:/home/mosrorr/ros2_ws/install/my_first_package:/opt/ros/humble /usr/bin/cmake --install /home/mosrorr/ros2_ws/build/my_robot_bringup
[1.305s] -- Install configuration: ""
[1.305s] -- Execute custom install script
[1.306s] -- Symlinking: /home/mosrorr/ros2_ws/install/my_robot_bringup/share/my_robot_bringup/environment/pythonpath.sh
[1.315s] -- Symlinking: /home/mosrorr/ros2_ws/install/my_robot_bringup/share/my_robot_bringup/environment/pythonpath.dsv
[1.324s] -- Symlinking: /home/mosrorr/ros2_ws/install/my_robot_bringup/local/lib/python3.10/dist-packages/my_robot_bringup-0.0.1-py3.10.egg-info/PKG-INFO
[1.333s] -- Symlinking: /home/mosrorr/ros2_ws/install/my_robot_bringup/local/lib/python3.10/dist-packages/my_robot_bringup-0.0.1-py3.10.egg-info/SOURCES.txt
[1.342s] -- Symlinking: /home/mosrorr/ros2_ws/install/my_robot_bringup/local/lib/python3.10/dist-packages/my_robot_bringup-0.0.1-py3.10.egg-info/dependency_links.txt
[1.350s] -- Symlinking: /home/mosrorr/ros2_ws/install/my_robot_bringup/local/lib/python3.10/dist-packages/my_robot_bringup-0.0.1-py3.10.egg-info/top_level.txt
[1.359s] -- Symlinking: /home/mosrorr/ros2_ws/install/my_robot_bringup/local/lib/python3.10/dist-packages/my_robot_bringup/__init__.py
[1.368s] -- Symlinking: /home/mosrorr/ros2_ws/install/my_robot_bringup/local/lib/python3.10/dist-packages/my_robot_bringup/esp32_bridge_node.py
[1.376s] -- Symlinking: /home/mosrorr/ros2_ws/install/my_robot_bringup/local/lib/python3.10/dist-packages/my_robot_bringup/keyboard_teleop_node.py
[1.385s] -- Symlinking: /home/mosrorr/ros2_ws/install/my_robot_bringup/lib/my_robot_bringup/esp32_bridge_node.py
[1.393s] -- Symlinking: /home/mosrorr/ros2_ws/install/my_robot_bringup/lib/my_robot_bringup/keyboard_teleop_node.py
[1.402s] -- Symlinking: /home/mosrorr/ros2_ws/install/my_robot_bringup/share/ament_index/resource_index/package_run_dependencies/my_robot_bringup
[1.411s] -- Symlinking: /home/mosrorr/ros2_ws/install/my_robot_bringup/share/ament_index/resource_index/parent_prefix_path/my_robot_bringup
[1.420s] -- Symlinking: /home/mosrorr/ros2_ws/install/my_robot_bringup/share/my_robot_bringup/environment/ament_prefix_path.sh
[1.429s] -- Symlinking: /home/mosrorr/ros2_ws/install/my_robot_bringup/share/my_robot_bringup/environment/ament_prefix_path.dsv
[1.438s] -- Symlinking: /home/mosrorr/ros2_ws/install/my_robot_bringup/share/my_robot_bringup/environment/path.sh
[1.447s] -- Symlinking: /home/mosrorr/ros2_ws/install/my_robot_bringup/share/my_robot_bringup/environment/path.dsv
[1.456s] -- Symlinking: /home/mosrorr/ros2_ws/install/my_robot_bringup/share/my_robot_bringup/local_setup.bash
[1.465s] -- Symlinking: /home/mosrorr/ros2_ws/install/my_robot_bringup/share/my_robot_bringup/local_setup.sh
[1.474s] -- Symlinking: /home/mosrorr/ros2_ws/install/my_robot_bringup/share/my_robot_bringup/local_setup.zsh
[1.483s] -- Symlinking: /home/mosrorr/ros2_ws/install/my_robot_bringup/share/my_robot_bringup/local_setup.dsv
[1.492s] -- Symlinking: /home/mosrorr/ros2_ws/install/my_robot_bringup/share/my_robot_bringup/package.dsv
[1.501s] -- Symlinking: /home/mosrorr/ros2_ws/install/my_robot_bringup/share/ament_index/resource_index/packages/my_robot_bringup
[1.510s] -- Symlinking: /home/mosrorr/ros2_ws/install/my_robot_bringup/share/my_robot_bringup/cmake/my_robot_bringupConfig.cmake
[1.519s] -- Symlinking: /home/mosrorr/ros2_ws/install/my_robot_bringup/share/my_robot_bringup/cmake/my_robot_bringupConfig-version.cmake
[1.528s] -- Symlinking: /home/mosrorr/ros2_ws/install/my_robot_bringup/share/my_robot_bringup/package.xml
[1.570s] Listing '/home/mosrorr/ros2_ws/install/my_robot_bringup/local/lib/python3.10/dist-packages/my_robot_bringup'...
[1.570s] Compiling '/home/mosrorr/ros2_ws/install/my_robot_bringup/local/lib/python3.10/dist-packages/my_robot_bringup/__init__.py'...
[1.570s] Compiling '/home/mosrorr/ros2_ws/install/my_robot_bringup/local/lib/python3.10/dist-packages/my_robot_bringup/esp32_bridge_node.py'...
[1.570s] Compiling '/home/mosrorr/ros2_ws/install/my_robot_bringup/local/lib/python3.10/dist-packages/my_robot_bringup/keyboard_teleop_node.py'...
[1.575s] -- Installing: /home/mosrorr/ros2_ws/install/my_robot_bringup/share/my_robot_bringup/launch
[1.575s] -- Installing: /home/mosrorr/ros2_ws/install/my_robot_bringup/share/my_robot_bringup/launch/robot_full.launch.py
[1.575s] -- Installing: /home/mosrorr/ros2_ws/install/my_robot_bringup/share/my_robot_bringup/launch/past
[1.575s] -- Installing: /home/mosrorr/ros2_ws/install/my_robot_bringup/share/my_robot_bringup/launch/past/master.launch.py
[1.575s] -- Installing: /home/mosrorr/ros2_ws/install/my_robot_bringup/share/my_robot_bringup/launch/past/mapping.launch.py
[1.576s] -- Installing: /home/mosrorr/ros2_ws/install/my_robot_bringup/share/my_robot_bringup/launch/past/localization.launch.py
[1.576s] -- Installing: /home/mosrorr/ros2_ws/install/my_robot_bringup/share/my_robot_bringup/launch/robot_bridge.launch.py
[1.576s] -- Installing: /home/mosrorr/ros2_ws/install/my_robot_bringup/share/my_robot_bringup/launch/robot_teleop.launch.py
[1.576s] -- Installing: /home/mosrorr/ros2_ws/install/my_robot_bringup/share/my_robot_bringup/config
[1.576s] -- Installing: /home/mosrorr/ros2_ws/install/my_robot_bringup/share/my_robot_bringup/config/ekf.yaml
[1.579s] Invoked command in '/home/mosrorr/ros2_ws/build/my_robot_bringup' returned '0': CMAKE_PREFIX_PATH=${CMAKE_PREFIX_PATH}:/home/mosrorr/ros2_ws/install/my_first_package:/opt/ros/humble /usr/bin/cmake --install /home/mosrorr/ros2_ws/build/my_robot_bringup
