[0.008s] Invoking command in '/home/mosrorr/ros2_ws/build/my_robot_bringup': CMAKE_PREFIX_PATH=/home/mosrorr/ros2_ws/install/my_robot_description:/home/mosrorr/ros2_ws/install/my_robot_bringup:/opt/ros/humble /usr/bin/cmake /home/mosrorr/ros2_ws/src/my_robot_bringup -DAMENT_CMAKE_SYMLINK_INSTALL=1 -DCMAKE_INSTALL_PREFIX=/home/mosrorr/ros2_ws/install/my_robot_bringup
[0.062s] -- The C compiler identification is GNU 11.4.0
[0.121s] -- The CXX compiler identification is GNU 11.4.0
[0.128s] -- Detecting C compiler ABI info
[0.199s] -- Detecting C compiler ABI info - done
[0.208s] -- Check for working C compiler: /usr/bin/cc - skipped
[0.208s] -- Detecting C compile features
[0.208s] -- Detecting C compile features - done
[0.212s] -- Detecting CXX compiler ABI info
[0.293s] -- Detecting CXX compiler ABI info - done
[0.302s] -- Check for working CXX compiler: /usr/bin/c++ - skipped
[0.302s] -- Detecting CXX compile features
[0.302s] -- Detecting CXX compile features - done
[0.305s] -- Found ament_cmake: 1.3.12 (/opt/ros/humble/share/ament_cmake/cmake)
[0.451s] -- Found Python3: /usr/bin/python3 (found version "3.10.12") found components: Interpreter 
[0.513s] -- Override CMake install command with custom implementation using symlinks instead of copying resources
[0.536s] -- Found rclpy: 3.3.19 (/opt/ros/humble/share/rclpy/cmake)
[0.537s] -- Found geometry_msgs: 4.9.0 (/opt/ros/humble/share/geometry_msgs/cmake)
[0.729s] -- Found rosidl_generator_c: 3.1.8 (/opt/ros/humble/share/rosidl_generator_c/cmake)
[0.740s] -- Found rosidl_adapter: 3.1.8 (/opt/ros/humble/share/rosidl_adapter/cmake)
[0.760s] -- Found rosidl_generator_cpp: 3.1.8 (/opt/ros/humble/share/rosidl_generator_cpp/cmake)
[0.807s] -- Using all available rosidl_typesupport_c: rosidl_typesupport_fastrtps_c;rosidl_typesupport_introspection_c
[0.829s] -- Using all available rosidl_typesupport_cpp: rosidl_typesupport_fastrtps_cpp;rosidl_typesupport_introspection_cpp
[0.867s] -- Found nav_msgs: 4.9.0 (/opt/ros/humble/share/nav_msgs/cmake)
[0.884s] -- Found sensor_msgs: 4.9.0 (/opt/ros/humble/share/sensor_msgs/cmake)
[0.964s] -- Configuring done
[0.968s] -- Generating done
[0.969s] -- Build files have been written to: /home/mosrorr/ros2_ws/build/my_robot_bringup
[0.975s] Invoked command in '/home/mosrorr/ros2_ws/build/my_robot_bringup' returned '0': CMAKE_PREFIX_PATH=/home/mosrorr/ros2_ws/install/my_robot_description:/home/mosrorr/ros2_ws/install/my_robot_bringup:/opt/ros/humble /usr/bin/cmake /home/mosrorr/ros2_ws/src/my_robot_bringup -DAMENT_CMAKE_SYMLINK_INSTALL=1 -DCMAKE_INSTALL_PREFIX=/home/mosrorr/ros2_ws/install/my_robot_bringup
[0.977s] Invoking command in '/home/mosrorr/ros2_ws/build/my_robot_bringup': CMAKE_PREFIX_PATH=/home/mosrorr/ros2_ws/install/my_robot_description:/home/mosrorr/ros2_ws/install/my_robot_bringup:/opt/ros/humble /usr/bin/cmake --build /home/mosrorr/ros2_ws/build/my_robot_bringup -- -j8 -l8
[1.018s] Invoked command in '/home/mosrorr/ros2_ws/build/my_robot_bringup' returned '0': CMAKE_PREFIX_PATH=/home/mosrorr/ros2_ws/install/my_robot_description:/home/mosrorr/ros2_ws/install/my_robot_bringup:/opt/ros/humble /usr/bin/cmake --build /home/mosrorr/ros2_ws/build/my_robot_bringup -- -j8 -l8
[1.019s] Invoking command in '/home/mosrorr/ros2_ws/build/my_robot_bringup': CMAKE_PREFIX_PATH=/home/mosrorr/ros2_ws/install/my_robot_description:/home/mosrorr/ros2_ws/install/my_robot_bringup:/opt/ros/humble /usr/bin/cmake --install /home/mosrorr/ros2_ws/build/my_robot_bringup
[1.027s] -- Install configuration: ""
[1.027s] -- Execute custom install script
[1.027s] -- Symlinking: /home/mosrorr/ros2_ws/install/my_robot_bringup/lib/my_robot_bringup/esp32_bridge_node.py
[1.036s] -- Symlinking: /home/mosrorr/ros2_ws/install/my_robot_bringup/lib/my_robot_bringup/keyboard_teleop_node.py
[1.045s] -- Symlinking: /home/mosrorr/ros2_ws/install/my_robot_bringup/share/my_robot_bringup/launch/past/localization.launch.py
[1.054s] -- Symlinking: /home/mosrorr/ros2_ws/install/my_robot_bringup/share/my_robot_bringup/launch/past/mapping.launch.py
[1.062s] -- Symlinking: /home/mosrorr/ros2_ws/install/my_robot_bringup/share/my_robot_bringup/launch/past/master.launch.py
[1.071s] -- Symlinking: /home/mosrorr/ros2_ws/install/my_robot_bringup/share/my_robot_bringup/launch/robot_bridge.launch.py
[1.079s] -- Symlinking: /home/mosrorr/ros2_ws/install/my_robot_bringup/share/my_robot_bringup/launch/robot_full.launch.py
[1.087s] -- Symlinking: /home/mosrorr/ros2_ws/install/my_robot_bringup/share/my_robot_bringup/launch/robot_teleop.launch.py
[1.097s] -- Symlinking: /home/mosrorr/ros2_ws/install/my_robot_bringup/share/my_robot_bringup/config/ekf.yaml
[1.106s] -- Symlinking: /home/mosrorr/ros2_ws/install/my_robot_bringup/share/ament_index/resource_index/package_run_dependencies/my_robot_bringup
[1.115s] -- Symlinking: /home/mosrorr/ros2_ws/install/my_robot_bringup/share/ament_index/resource_index/parent_prefix_path/my_robot_bringup
[1.124s] -- Symlinking: /home/mosrorr/ros2_ws/install/my_robot_bringup/share/my_robot_bringup/environment/ament_prefix_path.sh
[1.132s] -- Symlinking: /home/mosrorr/ros2_ws/install/my_robot_bringup/share/my_robot_bringup/environment/ament_prefix_path.dsv
[1.141s] -- Symlinking: /home/mosrorr/ros2_ws/install/my_robot_bringup/share/my_robot_bringup/environment/path.sh
[1.149s] -- Symlinking: /home/mosrorr/ros2_ws/install/my_robot_bringup/share/my_robot_bringup/environment/path.dsv
[1.157s] -- Symlinking: /home/mosrorr/ros2_ws/install/my_robot_bringup/share/my_robot_bringup/local_setup.bash
[1.165s] -- Symlinking: /home/mosrorr/ros2_ws/install/my_robot_bringup/share/my_robot_bringup/local_setup.sh
[1.174s] -- Symlinking: /home/mosrorr/ros2_ws/install/my_robot_bringup/share/my_robot_bringup/local_setup.zsh
[1.182s] -- Symlinking: /home/mosrorr/ros2_ws/install/my_robot_bringup/share/my_robot_bringup/local_setup.dsv
[1.190s] -- Symlinking: /home/mosrorr/ros2_ws/install/my_robot_bringup/share/my_robot_bringup/package.dsv
[1.200s] -- Symlinking: /home/mosrorr/ros2_ws/install/my_robot_bringup/share/ament_index/resource_index/packages/my_robot_bringup
[1.209s] -- Symlinking: /home/mosrorr/ros2_ws/install/my_robot_bringup/share/my_robot_bringup/cmake/my_robot_bringupConfig.cmake
[1.218s] -- Symlinking: /home/mosrorr/ros2_ws/install/my_robot_bringup/share/my_robot_bringup/cmake/my_robot_bringupConfig-version.cmake
[1.226s] -- Symlinking: /home/mosrorr/ros2_ws/install/my_robot_bringup/share/my_robot_bringup/package.xml
[1.238s] Invoked command in '/home/mosrorr/ros2_ws/build/my_robot_bringup' returned '0': CMAKE_PREFIX_PATH=/home/mosrorr/ros2_ws/install/my_robot_description:/home/mosrorr/ros2_ws/install/my_robot_bringup:/opt/ros/humble /usr/bin/cmake --install /home/mosrorr/ros2_ws/build/my_robot_bringup
