[0.010s] Invoking command in '/home/mosrorr/ros2_ws/build/my_robot_description': CMAKE_PREFIX_PATH=${CMAKE_PREFIX_PATH}:/home/mosrorr/ros2_ws/install/my_first_package:/opt/ros/humble /usr/bin/cmake /home/mosrorr/ros2_ws/src/my_robot_description -DAMENT_CMAKE_SYMLINK_INSTALL=1 -DCMAKE_INSTALL_PREFIX=/home/mosrorr/ros2_ws/install/my_robot_description
[0.065s] -- The C compiler identification is GNU 11.4.0
[0.122s] -- The CXX compiler identification is GNU 11.4.0
[0.131s] -- Detecting C compiler ABI info
[0.201s] -- Detecting C compiler ABI info - done
[0.209s] -- Check for working C compiler: /usr/bin/cc - skipped
[0.209s] -- Detecting C compile features
[0.210s] -- Detecting C compile features - done
[0.213s] -- Detecting CXX compiler ABI info
[0.295s] -- Detecting CXX compiler ABI info - done
[0.304s] -- Check for working CXX compiler: /usr/bin/c++ - skipped
[0.304s] -- Detecting CXX compile features
[0.304s] -- Detecting CXX compile features - done
[0.307s] -- Found ament_cmake: 1.3.12 (/opt/ros/humble/share/ament_cmake/cmake)
[0.470s] -- Found Python3: /usr/bin/python3 (found version "3.10.12") found components: Interpreter 
[0.534s] -- Override CMake install command with custom implementation using symlinks instead of copying resources
[0.556s] -- Found ament_lint_auto: 0.12.14 (/opt/ros/humble/share/ament_lint_auto/cmake)
[0.634s] -- Added test 'flake8' to check Python code syntax and style conventions
[0.635s] -- Added test 'lint_cmake' to check CMake code style
[0.636s] -- Added test 'pep257' to check Python code against some of the docstring style conventions in PEP 257
[0.639s] -- Added test 'xmllint' to check XML markup files
[0.640s] -- Configuring done
[0.643s] -- Generating done
[0.645s] -- Build files have been written to: /home/mosrorr/ros2_ws/build/my_robot_description
[0.650s] Invoked command in '/home/mosrorr/ros2_ws/build/my_robot_description' returned '0': CMAKE_PREFIX_PATH=${CMAKE_PREFIX_PATH}:/home/mosrorr/ros2_ws/install/my_first_package:/opt/ros/humble /usr/bin/cmake /home/mosrorr/ros2_ws/src/my_robot_description -DAMENT_CMAKE_SYMLINK_INSTALL=1 -DCMAKE_INSTALL_PREFIX=/home/mosrorr/ros2_ws/install/my_robot_description
[0.651s] Invoking command in '/home/mosrorr/ros2_ws/build/my_robot_description': CMAKE_PREFIX_PATH=${CMAKE_PREFIX_PATH}:/home/mosrorr/ros2_ws/install/my_first_package:/opt/ros/humble /usr/bin/cmake --build /home/mosrorr/ros2_ws/build/my_robot_description -- -j8 -l8
[0.689s] Invoked command in '/home/mosrorr/ros2_ws/build/my_robot_description' returned '0': CMAKE_PREFIX_PATH=${CMAKE_PREFIX_PATH}:/home/mosrorr/ros2_ws/install/my_first_package:/opt/ros/humble /usr/bin/cmake --build /home/mosrorr/ros2_ws/build/my_robot_description -- -j8 -l8
[0.699s] Invoking command in '/home/mosrorr/ros2_ws/build/my_robot_description': CMAKE_PREFIX_PATH=${CMAKE_PREFIX_PATH}:/home/mosrorr/ros2_ws/install/my_first_package:/opt/ros/humble /usr/bin/cmake --install /home/mosrorr/ros2_ws/build/my_robot_description
[0.707s] -- Install configuration: ""
[0.707s] -- Execute custom install script
[0.708s] -- Symlinking: /home/mosrorr/ros2_ws/install/my_robot_description/share/my_robot_description/urdf/final2.xml
[0.717s] -- Symlinking: /home/mosrorr/ros2_ws/install/my_robot_description/share/my_robot_description/urdf/sensors/imu.urdf.xacro
[0.725s] -- Symlinking: /home/mosrorr/ros2_ws/install/my_robot_description/share/my_robot_description/urdf/sensors/lidar.urdf.xacro
[0.734s] -- Symlinking: /home/mosrorr/ros2_ws/install/my_robot_description/share/my_robot_description/urdf/sensors/rgbd_camera.urdf.xacro
[0.743s] -- Symlinking: /home/mosrorr/ros2_ws/install/my_robot_description/share/my_robot_description/meshes/rosmaster_x3/visual/Arm_base_link.STL
[0.752s] -- Symlinking: /home/mosrorr/ros2_ws/install/my_robot_description/share/my_robot_description/meshes/rosmaster_x3/visual/LB_above_link.STL
[0.761s] -- Symlinking: /home/mosrorr/ros2_ws/install/my_robot_description/share/my_robot_description/meshes/rosmaster_x3/visual/LB_below_link.STL
[0.770s] -- Symlinking: /home/mosrorr/ros2_ws/install/my_robot_description/share/my_robot_description/meshes/rosmaster_x3/visual/LF_above_link.STL
[0.780s] -- Symlinking: /home/mosrorr/ros2_ws/install/my_robot_description/share/my_robot_description/meshes/rosmaster_x3/visual/LF_below_link.STL
[0.788s] -- Symlinking: /home/mosrorr/ros2_ws/install/my_robot_description/share/my_robot_description/meshes/rosmaster_x3/visual/LM_link.STL
[0.797s] -- Symlinking: /home/mosrorr/ros2_ws/install/my_robot_description/share/my_robot_description/meshes/rosmaster_x3/visual/RB_above_link.STL
[0.806s] -- Symlinking: /home/mosrorr/ros2_ws/install/my_robot_description/share/my_robot_description/meshes/rosmaster_x3/visual/RB_below_link.STL
[0.815s] -- Symlinking: /home/mosrorr/ros2_ws/install/my_robot_description/share/my_robot_description/meshes/rosmaster_x3/visual/RF_above_link.STL
[0.823s] -- Symlinking: /home/mosrorr/ros2_ws/install/my_robot_description/share/my_robot_description/meshes/rosmaster_x3/visual/RF_below_link.STL
[0.832s] -- Symlinking: /home/mosrorr/ros2_ws/install/my_robot_description/share/my_robot_description/meshes/rosmaster_x3/visual/RM_link.STL
[0.841s] -- Symlinking: /home/mosrorr/ros2_ws/install/my_robot_description/share/my_robot_description/meshes/rosmaster_x3/visual/base_link.STL
[0.850s] -- Symlinking: /home/mosrorr/ros2_ws/install/my_robot_description/share/my_robot_description/meshes/rosmaster_x3/visual/camera_link.STL
[0.859s] -- Symlinking: /home/mosrorr/ros2_ws/install/my_robot_description/share/my_robot_description/meshes/rosmaster_x3/visual/d435.stl
[0.868s] -- Symlinking: /home/mosrorr/ros2_ws/install/my_robot_description/share/my_robot_description/meshes/rosmaster_x3/visual/j1_arm_link.STL
[0.877s] -- Symlinking: /home/mosrorr/ros2_ws/install/my_robot_description/share/my_robot_description/meshes/rosmaster_x3/visual/j2_arm_link.STL
[0.889s] -- Symlinking: /home/mosrorr/ros2_ws/install/my_robot_description/share/my_robot_description/meshes/rosmaster_x3/visual/j3_arm_link.STL
[0.898s] -- Symlinking: /home/mosrorr/ros2_ws/install/my_robot_description/share/my_robot_description/meshes/rosmaster_x3/visual/j4_arm_link.STL
[0.907s] -- Symlinking: /home/mosrorr/ros2_ws/install/my_robot_description/share/my_robot_description/meshes/rosmaster_x3/visual/j5_arm_link.STL
[0.916s] -- Symlinking: /home/mosrorr/ros2_ws/install/my_robot_description/share/my_robot_description/meshes/rosmaster_x3/visual/j6_arm_link.STL
[0.926s] -- Symlinking: /home/mosrorr/ros2_ws/install/my_robot_description/share/my_robot_description/meshes/rosmaster_x3/visual/rplidar_s2.stl
[0.935s] -- Symlinking: /home/mosrorr/ros2_ws/install/my_robot_description/share/my_robot_description/robot_stl/drive-download-20251212T092612Z-3-001.zip
[0.944s] -- Symlinking: /home/mosrorr/ros2_ws/install/my_robot_description/share/my_robot_description/robot_stl/final2.xml
[0.953s] -- Symlinking: /home/mosrorr/ros2_ws/install/my_robot_description/share/my_robot_description/robot_stl/rosmaster_x3-20251212T092652Z-3-001.zip
[0.962s] -- Symlinking: /home/mosrorr/ros2_ws/install/my_robot_description/share/my_robot_description/launch/view_robot.launch.py
[0.971s] -- Symlinking: /home/mosrorr/ros2_ws/install/my_robot_description/share/ament_index/resource_index/package_run_dependencies/my_robot_description
[0.980s] -- Symlinking: /home/mosrorr/ros2_ws/install/my_robot_description/share/ament_index/resource_index/parent_prefix_path/my_robot_description
[0.989s] -- Symlinking: /home/mosrorr/ros2_ws/install/my_robot_description/share/my_robot_description/environment/ament_prefix_path.sh
[0.998s] -- Symlinking: /home/mosrorr/ros2_ws/install/my_robot_description/share/my_robot_description/environment/ament_prefix_path.dsv
[1.008s] -- Symlinking: /home/mosrorr/ros2_ws/install/my_robot_description/share/my_robot_description/environment/path.sh
[1.017s] -- Symlinking: /home/mosrorr/ros2_ws/install/my_robot_description/share/my_robot_description/environment/path.dsv
[1.025s] -- Symlinking: /home/mosrorr/ros2_ws/install/my_robot_description/share/my_robot_description/local_setup.bash
[1.035s] -- Symlinking: /home/mosrorr/ros2_ws/install/my_robot_description/share/my_robot_description/local_setup.sh
[1.044s] -- Symlinking: /home/mosrorr/ros2_ws/install/my_robot_description/share/my_robot_description/local_setup.zsh
[1.053s] -- Symlinking: /home/mosrorr/ros2_ws/install/my_robot_description/share/my_robot_description/local_setup.dsv
[1.062s] -- Symlinking: /home/mosrorr/ros2_ws/install/my_robot_description/share/my_robot_description/package.dsv
[1.071s] -- Symlinking: /home/mosrorr/ros2_ws/install/my_robot_description/share/ament_index/resource_index/packages/my_robot_description
[1.079s] -- Symlinking: /home/mosrorr/ros2_ws/install/my_robot_description/share/my_robot_description/cmake/my_robot_descriptionConfig.cmake
[1.088s] -- Symlinking: /home/mosrorr/ros2_ws/install/my_robot_description/share/my_robot_description/cmake/my_robot_descriptionConfig-version.cmake
[1.096s] -- Symlinking: /home/mosrorr/ros2_ws/install/my_robot_description/share/my_robot_description/package.xml
[1.107s] Invoked command in '/home/mosrorr/ros2_ws/build/my_robot_description' returned '0': CMAKE_PREFIX_PATH=${CMAKE_PREFIX_PATH}:/home/mosrorr/ros2_ws/install/my_first_package:/opt/ros/humble /usr/bin/cmake --install /home/mosrorr/ros2_ws/build/my_robot_description
