[0.106s] DEBUG:colcon:Command line arguments: ['/usr/bin/colcon', 'build', '--symlink-install']
[0.107s] DEBUG:colcon:Parsed command line arguments: Namespace(log_base=None, log_level=None, verb_name='build', build_base='build', install_base='install', merge_install=False, symlink_install=True, test_result_base=None, continue_on_error=False, executor='parallel', parallel_workers=8, event_handlers=None, ignore_user_meta=False, metas=['./colcon.meta'], base_paths=['.'], packages_ignore=None, packages_ignore_regex=None, paths=None, packages_up_to=None, packages_up_to_regex=None, packages_above=None, packages_above_and_dependencies=None, packages_above_depth=None, packages_select_by_dep=None, packages_skip_by_dep=None, packages_skip_up_to=None, packages_select_build_failed=False, packages_skip_build_finished=False, packages_select_test_failures=False, packages_skip_test_passed=False, packages_select=None, packages_skip=None, packages_select_regex=None, packages_skip_regex=None, packages_start=None, packages_end=None, allow_overriding=[], cmake_args=None, cmake_target=None, cmake_target_skip_unavailable=False, cmake_clean_cache=False, cmake_clean_first=False, cmake_force_configure=False, ament_cmake_args=None, catkin_cmake_args=None, catkin_skip_building_tests=False, mixin_files=None, mixin=None, verb_parser=<colcon_mixin.mixin.mixin_argument.MixinArgumentDecorator object at 0x794bd7151570>, verb_extension=<colcon_core.verb.build.BuildVerb object at 0x794bd72cba90>, main=<bound method BuildVerb.main of <colcon_core.verb.build.BuildVerb object at 0x794bd72cba90>>, mixin_verb=('build',))
[0.265s] Level 1:colcon.colcon_core.package_discovery:discover_packages(colcon_meta) check parameters
[0.265s] Level 1:colcon.colcon_core.package_discovery:discover_packages(recursive) check parameters
[0.265s] Level 1:colcon.colcon_core.package_discovery:discover_packages(ignore) check parameters
[0.265s] Level 1:colcon.colcon_core.package_discovery:discover_packages(path) check parameters
[0.265s] Level 1:colcon.colcon_core.package_discovery:discover_packages(colcon_meta) discover
[0.266s] Level 1:colcon.colcon_core.package_discovery:discover_packages(recursive) discover
[0.266s] INFO:colcon.colcon_core.package_discovery:Crawling recursively for packages in '/home/mosrorr/ros2_ws'
[0.266s] Level 1:colcon.colcon_core.package_identification:_identify(.) by extensions ['ignore', 'ignore_ament_install']
[0.266s] Level 1:colcon.colcon_core.package_identification:_identify(.) by extension 'ignore'
[0.266s] Level 1:colcon.colcon_core.package_identification:_identify(.) by extension 'ignore_ament_install'
[0.266s] Level 1:colcon.colcon_core.package_identification:_identify(.) by extensions ['colcon_pkg']
[0.266s] Level 1:colcon.colcon_core.package_identification:_identify(.) by extension 'colcon_pkg'
[0.266s] Level 1:colcon.colcon_core.package_identification:_identify(.) by extensions ['colcon_meta']
[0.266s] Level 1:colcon.colcon_core.package_identification:_identify(.) by extension 'colcon_meta'
[0.266s] Level 1:colcon.colcon_core.package_identification:_identify(.) by extensions ['ros']
[0.266s] Level 1:colcon.colcon_core.package_identification:_identify(.) by extension 'ros'
[0.276s] Level 1:colcon.colcon_core.package_identification:_identify(.) by extensions ['cmake', 'python']
[0.276s] Level 1:colcon.colcon_core.package_identification:_identify(.) by extension 'cmake'
[0.276s] Level 1:colcon.colcon_core.package_identification:_identify(.) by extension 'python'
[0.276s] Level 1:colcon.colcon_core.package_identification:_identify(.) by extensions ['python_setup_py']
[0.276s] Level 1:colcon.colcon_core.package_identification:_identify(.) by extension 'python_setup_py'
[0.276s] Level 1:colcon.colcon_core.package_identification:_identify(build) by extensions ['ignore', 'ignore_ament_install']
[0.276s] Level 1:colcon.colcon_core.package_identification:_identify(build) by extension 'ignore'
[0.276s] Level 1:colcon.colcon_core.package_identification:_identify(build) ignored
[0.276s] Level 1:colcon.colcon_core.package_identification:_identify(install) by extensions ['ignore', 'ignore_ament_install']
[0.276s] Level 1:colcon.colcon_core.package_identification:_identify(install) by extension 'ignore'
[0.276s] Level 1:colcon.colcon_core.package_identification:_identify(install) ignored
[0.277s] Level 1:colcon.colcon_core.package_identification:_identify(log) by extensions ['ignore', 'ignore_ament_install']
[0.277s] Level 1:colcon.colcon_core.package_identification:_identify(log) by extension 'ignore'
[0.277s] Level 1:colcon.colcon_core.package_identification:_identify(log) ignored
[0.277s] Level 1:colcon.colcon_core.package_identification:_identify(src) by extensions ['ignore', 'ignore_ament_install']
[0.277s] Level 1:colcon.colcon_core.package_identification:_identify(src) by extension 'ignore'
[0.277s] Level 1:colcon.colcon_core.package_identification:_identify(src) by extension 'ignore_ament_install'
[0.277s] Level 1:colcon.colcon_core.package_identification:_identify(src) by extensions ['colcon_pkg']
[0.277s] Level 1:colcon.colcon_core.package_identification:_identify(src) by extension 'colcon_pkg'
[0.277s] Level 1:colcon.colcon_core.package_identification:_identify(src) by extensions ['colcon_meta']
[0.277s] Level 1:colcon.colcon_core.package_identification:_identify(src) by extension 'colcon_meta'
[0.277s] Level 1:colcon.colcon_core.package_identification:_identify(src) by extensions ['ros']
[0.277s] Level 1:colcon.colcon_core.package_identification:_identify(src) by extension 'ros'
[0.277s] Level 1:colcon.colcon_core.package_identification:_identify(src) by extensions ['cmake', 'python']
[0.277s] Level 1:colcon.colcon_core.package_identification:_identify(src) by extension 'cmake'
[0.277s] Level 1:colcon.colcon_core.package_identification:_identify(src) by extension 'python'
[0.277s] Level 1:colcon.colcon_core.package_identification:_identify(src) by extensions ['python_setup_py']
[0.277s] Level 1:colcon.colcon_core.package_identification:_identify(src) by extension 'python_setup_py'
[0.277s] Level 1:colcon.colcon_core.package_identification:_identify(src/my_robot_bringup) by extensions ['ignore', 'ignore_ament_install']
[0.277s] Level 1:colcon.colcon_core.package_identification:_identify(src/my_robot_bringup) by extension 'ignore'
[0.278s] Level 1:colcon.colcon_core.package_identification:_identify(src/my_robot_bringup) by extension 'ignore_ament_install'
[0.278s] Level 1:colcon.colcon_core.package_identification:_identify(src/my_robot_bringup) by extensions ['colcon_pkg']
[0.278s] Level 1:colcon.colcon_core.package_identification:_identify(src/my_robot_bringup) by extension 'colcon_pkg'
[0.278s] Level 1:colcon.colcon_core.package_identification:_identify(src/my_robot_bringup) by extensions ['colcon_meta']
[0.278s] Level 1:colcon.colcon_core.package_identification:_identify(src/my_robot_bringup) by extension 'colcon_meta'
[0.278s] Level 1:colcon.colcon_core.package_identification:_identify(src/my_robot_bringup) by extensions ['ros']
[0.278s] Level 1:colcon.colcon_core.package_identification:_identify(src/my_robot_bringup) by extension 'ros'
[0.280s] DEBUG:colcon.colcon_core.package_identification:Package 'src/my_robot_bringup' with type 'ros.ament_cmake' and name 'my_robot_bringup'
[0.280s] Level 1:colcon.colcon_core.package_identification:_identify(src/my_robot_description) by extensions ['ignore', 'ignore_ament_install']
[0.281s] Level 1:colcon.colcon_core.package_identification:_identify(src/my_robot_description) by extension 'ignore'
[0.281s] Level 1:colcon.colcon_core.package_identification:_identify(src/my_robot_description) by extension 'ignore_ament_install'
[0.281s] Level 1:colcon.colcon_core.package_identification:_identify(src/my_robot_description) by extensions ['colcon_pkg']
[0.281s] Level 1:colcon.colcon_core.package_identification:_identify(src/my_robot_description) by extension 'colcon_pkg'
[0.281s] Level 1:colcon.colcon_core.package_identification:_identify(src/my_robot_description) by extensions ['colcon_meta']
[0.281s] Level 1:colcon.colcon_core.package_identification:_identify(src/my_robot_description) by extension 'colcon_meta'
[0.281s] Level 1:colcon.colcon_core.package_identification:_identify(src/my_robot_description) by extensions ['ros']
[0.281s] Level 1:colcon.colcon_core.package_identification:_identify(src/my_robot_description) by extension 'ros'
[0.281s] DEBUG:colcon.colcon_core.package_identification:Package 'src/my_robot_description' with type 'ros.ament_cmake' and name 'my_robot_description'
[0.281s] Level 1:colcon.colcon_core.package_discovery:discover_packages(recursive) using defaults
[0.281s] Level 1:colcon.colcon_core.package_discovery:discover_packages(ignore) discover
[0.281s] Level 1:colcon.colcon_core.package_discovery:discover_packages(ignore) using defaults
[0.281s] Level 1:colcon.colcon_core.package_discovery:discover_packages(path) discover
[0.282s] Level 1:colcon.colcon_core.package_discovery:discover_packages(path) using defaults
[0.309s] Level 1:colcon.colcon_core.package_discovery:discover_packages(prefix_path) check parameters
[0.309s] Level 1:colcon.colcon_core.package_discovery:discover_packages(prefix_path) discover
[0.310s] WARNING:colcon.colcon_ros.prefix_path.ament:The path '/home/mosrorr/ros2_ws/install/my_robot_bringup' in the environment variable AMENT_PREFIX_PATH doesn't exist
[0.310s] WARNING:colcon.colcon_ros.prefix_path.ament:The path '/home/mosrorr/ros2_ws/install/my_robot_description' in the environment variable AMENT_PREFIX_PATH doesn't exist
[0.310s] WARNING:colcon.colcon_ros.prefix_path.catkin:The path '/home/mosrorr/ros2_ws/install/my_robot_bringup' in the environment variable CMAKE_PREFIX_PATH doesn't exist
[0.310s] WARNING:colcon.colcon_ros.prefix_path.catkin:The path '/home/mosrorr/ros2_ws/install/my_robot_description' in the environment variable CMAKE_PREFIX_PATH doesn't exist
[0.311s] DEBUG:colcon.colcon_installed_package_information.package_discovery:Found 0 installed packages in /home/mosrorr/ros2_ws/install
[0.312s] DEBUG:colcon.colcon_installed_package_information.package_discovery:Found 291 installed packages in /opt/ros/humble
[0.313s] Level 1:colcon.colcon_core.package_discovery:discover_packages(prefix_path) using defaults
[0.354s] Level 5:colcon.colcon_core.verb:set package 'my_robot_description' build argument 'cmake_args' from command line to 'None'
[0.354s] Level 5:colcon.colcon_core.verb:set package 'my_robot_description' build argument 'cmake_target' from command line to 'None'
[0.354s] Level 5:colcon.colcon_core.verb:set package 'my_robot_description' build argument 'cmake_target_skip_unavailable' from command line to 'False'
[0.354s] Level 5:colcon.colcon_core.verb:set package 'my_robot_description' build argument 'cmake_clean_cache' from command line to 'False'
[0.354s] Level 5:colcon.colcon_core.verb:set package 'my_robot_description' build argument 'cmake_clean_first' from command line to 'False'
[0.354s] Level 5:colcon.colcon_core.verb:set package 'my_robot_description' build argument 'cmake_force_configure' from command line to 'False'
[0.354s] Level 5:colcon.colcon_core.verb:set package 'my_robot_description' build argument 'ament_cmake_args' from command line to 'None'
[0.354s] Level 5:colcon.colcon_core.verb:set package 'my_robot_description' build argument 'catkin_cmake_args' from command line to 'None'
[0.354s] Level 5:colcon.colcon_core.verb:set package 'my_robot_description' build argument 'catkin_skip_building_tests' from command line to 'False'
[0.354s] DEBUG:colcon.colcon_core.verb:Building package 'my_robot_description' with the following arguments: {'ament_cmake_args': None, 'build_base': '/home/mosrorr/ros2_ws/build/my_robot_description', 'catkin_cmake_args': None, 'catkin_skip_building_tests': False, 'cmake_args': None, 'cmake_clean_cache': False, 'cmake_clean_first': False, 'cmake_force_configure': False, 'cmake_target': None, 'cmake_target_skip_unavailable': False, 'install_base': '/home/mosrorr/ros2_ws/install/my_robot_description', 'merge_install': False, 'path': '/home/mosrorr/ros2_ws/src/my_robot_description', 'symlink_install': True, 'test_result_base': None}
[0.354s] Level 5:colcon.colcon_core.verb:set package 'my_robot_bringup' build argument 'cmake_args' from command line to 'None'
[0.355s] Level 5:colcon.colcon_core.verb:set package 'my_robot_bringup' build argument 'cmake_target' from command line to 'None'
[0.355s] Level 5:colcon.colcon_core.verb:set package 'my_robot_bringup' build argument 'cmake_target_skip_unavailable' from command line to 'False'
[0.355s] Level 5:colcon.colcon_core.verb:set package 'my_robot_bringup' build argument 'cmake_clean_cache' from command line to 'False'
[0.355s] Level 5:colcon.colcon_core.verb:set package 'my_robot_bringup' build argument 'cmake_clean_first' from command line to 'False'
[0.355s] Level 5:colcon.colcon_core.verb:set package 'my_robot_bringup' build argument 'cmake_force_configure' from command line to 'False'
[0.355s] Level 5:colcon.colcon_core.verb:set package 'my_robot_bringup' build argument 'ament_cmake_args' from command line to 'None'
[0.355s] Level 5:colcon.colcon_core.verb:set package 'my_robot_bringup' build argument 'catkin_cmake_args' from command line to 'None'
[0.355s] Level 5:colcon.colcon_core.verb:set package 'my_robot_bringup' build argument 'catkin_skip_building_tests' from command line to 'False'
[0.355s] DEBUG:colcon.colcon_core.verb:Building package 'my_robot_bringup' with the following arguments: {'ament_cmake_args': None, 'build_base': '/home/mosrorr/ros2_ws/build/my_robot_bringup', 'catkin_cmake_args': None, 'catkin_skip_building_tests': False, 'cmake_args': None, 'cmake_clean_cache': False, 'cmake_clean_first': False, 'cmake_force_configure': False, 'cmake_target': None, 'cmake_target_skip_unavailable': False, 'install_base': '/home/mosrorr/ros2_ws/install/my_robot_bringup', 'merge_install': False, 'path': '/home/mosrorr/ros2_ws/src/my_robot_bringup', 'symlink_install': True, 'test_result_base': None}
[0.355s] INFO:colcon.colcon_core.executor:Executing jobs using 'parallel' executor
[0.356s] DEBUG:colcon.colcon_parallel_executor.executor.parallel:run_until_complete
[0.356s] INFO:colcon.colcon_ros.task.ament_cmake.build:Building ROS package in '/home/mosrorr/ros2_ws/src/my_robot_description' with build type 'ament_cmake'
[0.356s] INFO:colcon.colcon_cmake.task.cmake.build:Building CMake package in '/home/mosrorr/ros2_ws/src/my_robot_description'
[0.358s] INFO:colcon.colcon_core.plugin_system:Skipping extension 'colcon_core.shell.bat': Not used on non-Windows systems
[0.358s] INFO:colcon.colcon_core.shell:Skip shell extension 'powershell' for command environment: Not usable outside of PowerShell
[0.358s] DEBUG:colcon.colcon_core.shell:Skip shell extension 'dsv' for command environment
[0.367s] DEBUG:colcon.colcon_core.event_handler.log_command:Invoking command in '/home/mosrorr/ros2_ws/build/my_robot_description': CMAKE_PREFIX_PATH=${CMAKE_PREFIX_PATH}:/opt/ros/humble /usr/bin/cmake /home/mosrorr/ros2_ws/src/my_robot_description -DAMENT_CMAKE_SYMLINK_INSTALL=1 -DCMAKE_INSTALL_PREFIX=/home/mosrorr/ros2_ws/install/my_robot_description
[2.938s] DEBUG:colcon.colcon_core.event_handler.log_command:Invoked command in '/home/mosrorr/ros2_ws/build/my_robot_description' returned '0': CMAKE_PREFIX_PATH=${CMAKE_PREFIX_PATH}:/opt/ros/humble /usr/bin/cmake /home/mosrorr/ros2_ws/src/my_robot_description -DAMENT_CMAKE_SYMLINK_INSTALL=1 -DCMAKE_INSTALL_PREFIX=/home/mosrorr/ros2_ws/install/my_robot_description
[2.939s] DEBUG:colcon.colcon_core.event_handler.log_command:Invoking command in '/home/mosrorr/ros2_ws/build/my_robot_description': CMAKE_PREFIX_PATH=${CMAKE_PREFIX_PATH}:/opt/ros/humble /usr/bin/cmake --build /home/mosrorr/ros2_ws/build/my_robot_description -- -j8 -l8
[2.977s] DEBUG:colcon.colcon_core.event_handler.log_command:Invoked command in '/home/mosrorr/ros2_ws/build/my_robot_description' returned '0': CMAKE_PREFIX_PATH=${CMAKE_PREFIX_PATH}:/opt/ros/humble /usr/bin/cmake --build /home/mosrorr/ros2_ws/build/my_robot_description -- -j8 -l8
[2.987s] DEBUG:colcon.colcon_core.event_handler.log_command:Invoking command in '/home/mosrorr/ros2_ws/build/my_robot_description': CMAKE_PREFIX_PATH=${CMAKE_PREFIX_PATH}:/opt/ros/humble /usr/bin/cmake --install /home/mosrorr/ros2_ws/build/my_robot_description
[3.384s] Level 1:colcon.colcon_core.environment:create_environment_scripts_only(my_robot_description)
[3.384s] DEBUG:colcon.colcon_core.event_handler.log_command:Invoked command in '/home/mosrorr/ros2_ws/build/my_robot_description' returned '0': CMAKE_PREFIX_PATH=${CMAKE_PREFIX_PATH}:/opt/ros/humble /usr/bin/cmake --install /home/mosrorr/ros2_ws/build/my_robot_description
[3.387s] Level 1:colcon.colcon_core.environment:checking '/home/mosrorr/ros2_ws/install/my_robot_description' for CMake module files
[3.387s] Level 1:colcon.colcon_core.environment:checking '/home/mosrorr/ros2_ws/install/my_robot_description' for CMake config files
[3.387s] Level 1:colcon.colcon_core.shell:create_environment_hook('my_robot_description', 'cmake_prefix_path')
[3.388s] INFO:colcon.colcon_core.shell:Creating environment hook '/home/mosrorr/ros2_ws/install/my_robot_description/share/my_robot_description/hook/cmake_prefix_path.ps1'
[3.388s] INFO:colcon.colcon_core.shell:Creating environment descriptor '/home/mosrorr/ros2_ws/install/my_robot_description/share/my_robot_description/hook/cmake_prefix_path.dsv'
[3.389s] INFO:colcon.colcon_core.shell:Creating environment hook '/home/mosrorr/ros2_ws/install/my_robot_description/share/my_robot_description/hook/cmake_prefix_path.sh'
[3.389s] Level 1:colcon.colcon_core.environment:checking '/home/mosrorr/ros2_ws/install/my_robot_description/bin'
[3.390s] Level 1:colcon.colcon_core.environment:checking '/home/mosrorr/ros2_ws/install/my_robot_description/lib/pkgconfig/my_robot_description.pc'
[3.390s] Level 1:colcon.colcon_core.environment:checking '/home/mosrorr/ros2_ws/install/my_robot_description/lib/python3.10/site-packages'
[3.390s] Level 1:colcon.colcon_core.environment:checking '/home/mosrorr/ros2_ws/install/my_robot_description/bin'
[3.390s] INFO:colcon.colcon_core.shell:Creating package script '/home/mosrorr/ros2_ws/install/my_robot_description/share/my_robot_description/package.ps1'
[3.391s] INFO:colcon.colcon_core.shell:Creating package descriptor '/home/mosrorr/ros2_ws/install/my_robot_description/share/my_robot_description/package.dsv'
[3.392s] INFO:colcon.colcon_core.shell:Creating package script '/home/mosrorr/ros2_ws/install/my_robot_description/share/my_robot_description/package.sh'
[3.392s] INFO:colcon.colcon_core.shell:Creating package script '/home/mosrorr/ros2_ws/install/my_robot_description/share/my_robot_description/package.bash'
[3.393s] INFO:colcon.colcon_core.shell:Creating package script '/home/mosrorr/ros2_ws/install/my_robot_description/share/my_robot_description/package.zsh'
[3.394s] Level 1:colcon.colcon_core.environment:create_file_with_runtime_dependencies(/home/mosrorr/ros2_ws/install/my_robot_description/share/colcon-core/packages/my_robot_description)
[3.394s] Level 1:colcon.colcon_core.environment:create_environment_scripts_only(my_robot_description)
[3.395s] Level 1:colcon.colcon_core.environment:checking '/home/mosrorr/ros2_ws/install/my_robot_description' for CMake module files
[3.395s] Level 1:colcon.colcon_core.environment:checking '/home/mosrorr/ros2_ws/install/my_robot_description' for CMake config files
[3.396s] Level 1:colcon.colcon_core.shell:create_environment_hook('my_robot_description', 'cmake_prefix_path')
[3.396s] INFO:colcon.colcon_core.shell:Creating environment hook '/home/mosrorr/ros2_ws/install/my_robot_description/share/my_robot_description/hook/cmake_prefix_path.ps1'
[3.396s] INFO:colcon.colcon_core.shell:Creating environment descriptor '/home/mosrorr/ros2_ws/install/my_robot_description/share/my_robot_description/hook/cmake_prefix_path.dsv'
[3.397s] INFO:colcon.colcon_core.shell:Creating environment hook '/home/mosrorr/ros2_ws/install/my_robot_description/share/my_robot_description/hook/cmake_prefix_path.sh'
[3.397s] Level 1:colcon.colcon_core.environment:checking '/home/mosrorr/ros2_ws/install/my_robot_description/bin'
[3.397s] Level 1:colcon.colcon_core.environment:checking '/home/mosrorr/ros2_ws/install/my_robot_description/lib/pkgconfig/my_robot_description.pc'
[3.398s] Level 1:colcon.colcon_core.environment:checking '/home/mosrorr/ros2_ws/install/my_robot_description/lib/python3.10/site-packages'
[3.398s] Level 1:colcon.colcon_core.environment:checking '/home/mosrorr/ros2_ws/install/my_robot_description/bin'
[3.398s] INFO:colcon.colcon_core.shell:Creating package script '/home/mosrorr/ros2_ws/install/my_robot_description/share/my_robot_description/package.ps1'
[3.399s] INFO:colcon.colcon_core.shell:Creating package descriptor '/home/mosrorr/ros2_ws/install/my_robot_description/share/my_robot_description/package.dsv'
[3.399s] INFO:colcon.colcon_core.shell:Creating package script '/home/mosrorr/ros2_ws/install/my_robot_description/share/my_robot_description/package.sh'
[3.400s] INFO:colcon.colcon_core.shell:Creating package script '/home/mosrorr/ros2_ws/install/my_robot_description/share/my_robot_description/package.bash'
[3.400s] INFO:colcon.colcon_core.shell:Creating package script '/home/mosrorr/ros2_ws/install/my_robot_description/share/my_robot_description/package.zsh'
[3.400s] Level 1:colcon.colcon_core.environment:create_file_with_runtime_dependencies(/home/mosrorr/ros2_ws/install/my_robot_description/share/colcon-core/packages/my_robot_description)
[3.401s] INFO:colcon.colcon_ros.task.ament_cmake.build:Building ROS package in '/home/mosrorr/ros2_ws/src/my_robot_bringup' with build type 'ament_cmake'
[3.401s] INFO:colcon.colcon_cmake.task.cmake.build:Building CMake package in '/home/mosrorr/ros2_ws/src/my_robot_bringup'
[3.401s] INFO:colcon.colcon_core.shell:Skip shell extension 'powershell' for command environment: Not usable outside of PowerShell
[3.401s] DEBUG:colcon.colcon_core.shell:Skip shell extension 'dsv' for command environment
[3.410s] DEBUG:colcon.colcon_core.event_handler.log_command:Invoking command in '/home/mosrorr/ros2_ws/build/my_robot_bringup': CMAKE_PREFIX_PATH=/home/mosrorr/ros2_ws/install/my_robot_description:/home/mosrorr/ros2_ws/install/my_robot_bringup:/opt/ros/humble /usr/bin/cmake /home/mosrorr/ros2_ws/src/my_robot_bringup -DAMENT_CMAKE_SYMLINK_INSTALL=1 -DCMAKE_INSTALL_PREFIX=/home/mosrorr/ros2_ws/install/my_robot_bringup
[4.378s] DEBUG:colcon.colcon_core.event_handler.log_command:Invoked command in '/home/mosrorr/ros2_ws/build/my_robot_bringup' returned '0': CMAKE_PREFIX_PATH=/home/mosrorr/ros2_ws/install/my_robot_description:/home/mosrorr/ros2_ws/install/my_robot_bringup:/opt/ros/humble /usr/bin/cmake /home/mosrorr/ros2_ws/src/my_robot_bringup -DAMENT_CMAKE_SYMLINK_INSTALL=1 -DCMAKE_INSTALL_PREFIX=/home/mosrorr/ros2_ws/install/my_robot_bringup
[4.379s] DEBUG:colcon.colcon_core.event_handler.log_command:Invoking command in '/home/mosrorr/ros2_ws/build/my_robot_bringup': CMAKE_PREFIX_PATH=/home/mosrorr/ros2_ws/install/my_robot_description:/home/mosrorr/ros2_ws/install/my_robot_bringup:/opt/ros/humble /usr/bin/cmake --build /home/mosrorr/ros2_ws/build/my_robot_bringup -- -j8 -l8
[4.421s] DEBUG:colcon.colcon_core.event_handler.log_command:Invoked command in '/home/mosrorr/ros2_ws/build/my_robot_bringup' returned '0': CMAKE_PREFIX_PATH=/home/mosrorr/ros2_ws/install/my_robot_description:/home/mosrorr/ros2_ws/install/my_robot_bringup:/opt/ros/humble /usr/bin/cmake --build /home/mosrorr/ros2_ws/build/my_robot_bringup -- -j8 -l8
[4.421s] DEBUG:colcon.colcon_core.event_handler.log_command:Invoking command in '/home/mosrorr/ros2_ws/build/my_robot_bringup': CMAKE_PREFIX_PATH=/home/mosrorr/ros2_ws/install/my_robot_description:/home/mosrorr/ros2_ws/install/my_robot_bringup:/opt/ros/humble /usr/bin/cmake --install /home/mosrorr/ros2_ws/build/my_robot_bringup
[4.639s] Level 1:colcon.colcon_core.environment:create_environment_scripts_only(my_robot_bringup)
[4.639s] Level 1:colcon.colcon_core.environment:checking '/home/mosrorr/ros2_ws/install/my_robot_bringup' for CMake module files
[4.640s] DEBUG:colcon.colcon_core.event_handler.log_command:Invoked command in '/home/mosrorr/ros2_ws/build/my_robot_bringup' returned '0': CMAKE_PREFIX_PATH=/home/mosrorr/ros2_ws/install/my_robot_description:/home/mosrorr/ros2_ws/install/my_robot_bringup:/opt/ros/humble /usr/bin/cmake --install /home/mosrorr/ros2_ws/build/my_robot_bringup
[4.640s] Level 1:colcon.colcon_core.environment:checking '/home/mosrorr/ros2_ws/install/my_robot_bringup' for CMake config files
[4.640s] Level 1:colcon.colcon_core.shell:create_environment_hook('my_robot_bringup', 'cmake_prefix_path')
[4.641s] INFO:colcon.colcon_core.shell:Creating environment hook '/home/mosrorr/ros2_ws/install/my_robot_bringup/share/my_robot_bringup/hook/cmake_prefix_path.ps1'
[4.641s] INFO:colcon.colcon_core.shell:Creating environment descriptor '/home/mosrorr/ros2_ws/install/my_robot_bringup/share/my_robot_bringup/hook/cmake_prefix_path.dsv'
[4.641s] INFO:colcon.colcon_core.shell:Creating environment hook '/home/mosrorr/ros2_ws/install/my_robot_bringup/share/my_robot_bringup/hook/cmake_prefix_path.sh'
[4.642s] Level 1:colcon.colcon_core.environment:checking '/home/mosrorr/ros2_ws/install/my_robot_bringup/lib'
[4.642s] Level 1:colcon.colcon_core.environment:checking '/home/mosrorr/ros2_ws/install/my_robot_bringup/bin'
[4.642s] Level 1:colcon.colcon_core.environment:checking '/home/mosrorr/ros2_ws/install/my_robot_bringup/lib/pkgconfig/my_robot_bringup.pc'
[4.642s] Level 1:colcon.colcon_core.environment:checking '/home/mosrorr/ros2_ws/install/my_robot_bringup/lib/python3.10/site-packages'
[4.643s] Level 1:colcon.colcon_core.environment:checking '/home/mosrorr/ros2_ws/install/my_robot_bringup/bin'
[4.643s] INFO:colcon.colcon_core.shell:Creating package script '/home/mosrorr/ros2_ws/install/my_robot_bringup/share/my_robot_bringup/package.ps1'
[4.643s] INFO:colcon.colcon_core.shell:Creating package descriptor '/home/mosrorr/ros2_ws/install/my_robot_bringup/share/my_robot_bringup/package.dsv'
[4.644s] INFO:colcon.colcon_core.shell:Creating package script '/home/mosrorr/ros2_ws/install/my_robot_bringup/share/my_robot_bringup/package.sh'
[4.644s] INFO:colcon.colcon_core.shell:Creating package script '/home/mosrorr/ros2_ws/install/my_robot_bringup/share/my_robot_bringup/package.bash'
[4.644s] INFO:colcon.colcon_core.shell:Creating package script '/home/mosrorr/ros2_ws/install/my_robot_bringup/share/my_robot_bringup/package.zsh'
[4.645s] Level 1:colcon.colcon_core.environment:create_file_with_runtime_dependencies(/home/mosrorr/ros2_ws/install/my_robot_bringup/share/colcon-core/packages/my_robot_bringup)
[4.645s] Level 1:colcon.colcon_core.environment:create_environment_scripts_only(my_robot_bringup)
[4.646s] Level 1:colcon.colcon_core.environment:checking '/home/mosrorr/ros2_ws/install/my_robot_bringup' for CMake module files
[4.646s] Level 1:colcon.colcon_core.environment:checking '/home/mosrorr/ros2_ws/install/my_robot_bringup' for CMake config files
[4.646s] Level 1:colcon.colcon_core.shell:create_environment_hook('my_robot_bringup', 'cmake_prefix_path')
[4.646s] INFO:colcon.colcon_core.shell:Creating environment hook '/home/mosrorr/ros2_ws/install/my_robot_bringup/share/my_robot_bringup/hook/cmake_prefix_path.ps1'
[4.647s] INFO:colcon.colcon_core.shell:Creating environment descriptor '/home/mosrorr/ros2_ws/install/my_robot_bringup/share/my_robot_bringup/hook/cmake_prefix_path.dsv'
[4.647s] INFO:colcon.colcon_core.shell:Creating environment hook '/home/mosrorr/ros2_ws/install/my_robot_bringup/share/my_robot_bringup/hook/cmake_prefix_path.sh'
[4.648s] Level 1:colcon.colcon_core.environment:checking '/home/mosrorr/ros2_ws/install/my_robot_bringup/lib'
[4.648s] Level 1:colcon.colcon_core.environment:checking '/home/mosrorr/ros2_ws/install/my_robot_bringup/bin'
[4.648s] Level 1:colcon.colcon_core.environment:checking '/home/mosrorr/ros2_ws/install/my_robot_bringup/lib/pkgconfig/my_robot_bringup.pc'
[4.648s] Level 1:colcon.colcon_core.environment:checking '/home/mosrorr/ros2_ws/install/my_robot_bringup/lib/python3.10/site-packages'
[4.648s] Level 1:colcon.colcon_core.environment:checking '/home/mosrorr/ros2_ws/install/my_robot_bringup/bin'
[4.649s] INFO:colcon.colcon_core.shell:Creating package script '/home/mosrorr/ros2_ws/install/my_robot_bringup/share/my_robot_bringup/package.ps1'
[4.649s] INFO:colcon.colcon_core.shell:Creating package descriptor '/home/mosrorr/ros2_ws/install/my_robot_bringup/share/my_robot_bringup/package.dsv'
[4.650s] INFO:colcon.colcon_core.shell:Creating package script '/home/mosrorr/ros2_ws/install/my_robot_bringup/share/my_robot_bringup/package.sh'
[4.650s] INFO:colcon.colcon_core.shell:Creating package script '/home/mosrorr/ros2_ws/install/my_robot_bringup/share/my_robot_bringup/package.bash'
[4.650s] INFO:colcon.colcon_core.shell:Creating package script '/home/mosrorr/ros2_ws/install/my_robot_bringup/share/my_robot_bringup/package.zsh'
[4.651s] Level 1:colcon.colcon_core.environment:create_file_with_runtime_dependencies(/home/mosrorr/ros2_ws/install/my_robot_bringup/share/colcon-core/packages/my_robot_bringup)
[4.651s] DEBUG:colcon.colcon_parallel_executor.executor.parallel:closing loop
[4.651s] DEBUG:colcon.colcon_parallel_executor.executor.parallel:loop closed
[4.651s] DEBUG:colcon.colcon_parallel_executor.executor.parallel:run_until_complete finished with '0'
[4.652s] DEBUG:colcon.colcon_core.event_reactor:joining thread
[4.656s] INFO:colcon.colcon_core.plugin_system:Skipping extension 'colcon_notification.desktop_notification.terminal_notifier': Not used on non-Darwin systems
[4.656s] INFO:colcon.colcon_core.plugin_system:Skipping extension 'colcon_notification.desktop_notification.win32': Not used on non-Windows systems
[4.656s] INFO:colcon.colcon_notification.desktop_notification:Sending desktop notification using 'notify2'
[4.670s] DEBUG:colcon.colcon_core.event_reactor:joined thread
[4.671s] INFO:colcon.colcon_core.shell:Creating prefix script '/home/mosrorr/ros2_ws/install/local_setup.ps1'
[4.672s] INFO:colcon.colcon_core.shell:Creating prefix util module '/home/mosrorr/ros2_ws/install/_local_setup_util_ps1.py'
[4.673s] INFO:colcon.colcon_core.shell:Creating prefix chain script '/home/mosrorr/ros2_ws/install/setup.ps1'
[4.674s] INFO:colcon.colcon_core.shell:Creating prefix script '/home/mosrorr/ros2_ws/install/local_setup.sh'
[4.675s] INFO:colcon.colcon_core.shell:Creating prefix util module '/home/mosrorr/ros2_ws/install/_local_setup_util_sh.py'
[4.675s] INFO:colcon.colcon_core.shell:Creating prefix chain script '/home/mosrorr/ros2_ws/install/setup.sh'
[4.676s] INFO:colcon.colcon_core.shell:Creating prefix script '/home/mosrorr/ros2_ws/install/local_setup.bash'
[4.677s] INFO:colcon.colcon_core.shell:Creating prefix chain script '/home/mosrorr/ros2_ws/install/setup.bash'
[4.678s] INFO:colcon.colcon_core.shell:Creating prefix script '/home/mosrorr/ros2_ws/install/local_setup.zsh'
[4.678s] INFO:colcon.colcon_core.shell:Creating prefix chain script '/home/mosrorr/ros2_ws/install/setup.zsh'
